#
# There is insufficient memory for the Java Runtime Environment to continue.
# Native memory allocation (malloc) failed to allocate 1163376 bytes for Chunk::new
# Possible reasons:
#   The system is out of physical RAM or swap space
#   The process is running with CompressedOops enabled, and the Java Heap may be blocking the growth of the native heap
# Possible solutions:
#   Reduce memory load on the system
#   Increase physical memory or swap space
#   Check if swap backing store is full
#   Decrease Java heap size (-Xmx/-Xms)
#   Decrease number of Java threads
#   Decrease Java thread stack sizes (-Xss)
#   Set larger code cache with -XX:ReservedCodeCacheSize=
#   JVM is running with Zero Based Compressed Oops mode in which the Java heap is
#     placed in the first 32GB address space. The Java Heap base address is the
#     maximum limit for the native heap growth. Please use -XX:HeapBaseMinAddress
#     to set the Java Heap base and to place the Java Heap above 32GB virtual address.
# This output file may be truncated or incomplete.
#
#  Out of Memory Error (arena.cpp:189), pid=18536, tid=20956
#
# JRE version: OpenJDK Runtime Environment Temurin-17.0.3+7 (17.0.3+7) (build 17.0.3+7)
# Java VM: OpenJDK 64-Bit Server VM Temurin-17.0.3+7 (17.0.3+7, mixed mode, tiered, compressed oops, compressed class ptrs, g1 gc, windows-amd64)
# No core dump will be written. Minidumps are not enabled by default on client versions of Windows
#

---------------  S U M M A R Y ------------

Command Line: -ea -Dfile.encoding=UTF-8 -XX:+ShowCodeDetailsInExceptionMessages org.testng.remote.RemoteTestNG -serport 50412 -protocol json -d C:\IGS_RingPay_Client\RingPay_Kissht_Master\RingPay-Kissht_Maintained_Script-\test-output C:\IGS_RingPay_Client\RingPay_Kissht_Master\RingPay-Kissht_Maintained_Script-\ringPay.xml

Host: 11th Gen Intel(R) Core(TM) i5-1135G7 @ 2.40GHz, 8 cores, 15G,  Windows 10 , 64 bit Build 19041 (10.0.19041.2251)
Time: Thu Dec  8 14:33:41 2022 India Standard Time elapsed time: 1.107998 seconds (0d 0h 0m 1s)

---------------  T H R E A D  ---------------

Current thread (0x000002bd70bfb7f0):  JavaThread "C2 CompilerThread1" daemon [_thread_in_native, id=20956, stack(0x000000d6fa200000,0x000000d6fa300000)]


Current CompileTask:
C2:   1108 1489       4       jdk.internal.org.objectweb.asm.Frame::execute (2305 bytes)

Stack: [0x000000d6fa200000,0x000000d6fa300000]
Native frames: (J=compiled Java code, j=interpreted, Vv=VM code, C=native code)
V  [jvm.dll+0x675efa]
V  [jvm.dll+0x830a24]
V  [jvm.dll+0x8321ce]
V  [jvm.dll+0x832833]
V  [jvm.dll+0x2454b5]
V  [jvm.dll+0xabd7b]
V  [jvm.dll+0xac30c]
V  [jvm.dll+0x3635d2]
V  [jvm.dll+0x1bbbe8]
V  [jvm.dll+0x2184b9]
V  [jvm.dll+0x217781]
V  [jvm.dll+0x1a3ccd]
V  [jvm.dll+0x227178]
V  [jvm.dll+0x2252bc]
V  [jvm.dll+0x7e673b]
V  [jvm.dll+0x7e0cfa]
V  [jvm.dll+0x674d85]
C  [ucrtbase.dll+0x21bb2]
C  [KERNEL32.DLL+0x174b4]
C  [ntdll.dll+0x526a1]


---------------  P R O C E S S  ---------------

Threads class SMR info:
_java_thread_list=0x000002bd714baa30, length=14, elements={
0x000002bd51414c20, 0x000002bd7082c7f0, 0x000002bd7082d3b0, 0x000002bd70886bd0,
0x000002bd70887490, 0x000002bd70889f70, 0x000002bd7088a830, 0x000002bd7088ed30,
0x000002bd70899670, 0x000002bd708ac790, 0x000002bd70b49a30, 0x000002bd70b715c0,
0x000002bd70bfb7f0, 0x000002bd713fe080
}

Java Threads: ( => current thread )
  0x000002bd51414c20 JavaThread "main" [_thread_in_native, id=15944, stack(0x000000d6f8f00000,0x000000d6f9000000)]
  0x000002bd7082c7f0 JavaThread "Reference Handler" daemon [_thread_blocked, id=14216, stack(0x000000d6f9600000,0x000000d6f9700000)]
  0x000002bd7082d3b0 JavaThread "Finalizer" daemon [_thread_blocked, id=14872, stack(0x000000d6f9700000,0x000000d6f9800000)]
  0x000002bd70886bd0 JavaThread "Signal Dispatcher" daemon [_thread_blocked, id=18908, stack(0x000000d6f9800000,0x000000d6f9900000)]
  0x000002bd70887490 JavaThread "Attach Listener" daemon [_thread_blocked, id=15236, stack(0x000000d6f9900000,0x000000d6f9a00000)]
  0x000002bd70889f70 JavaThread "Service Thread" daemon [_thread_blocked, id=8616, stack(0x000000d6f9a00000,0x000000d6f9b00000)]
  0x000002bd7088a830 JavaThread "Monitor Deflation Thread" daemon [_thread_blocked, id=21244, stack(0x000000d6f9b00000,0x000000d6f9c00000)]
  0x000002bd7088ed30 JavaThread "C2 CompilerThread0" daemon [_thread_in_native, id=15720, stack(0x000000d6f9c00000,0x000000d6f9d00000)]
  0x000002bd70899670 JavaThread "C1 CompilerThread0" daemon [_thread_blocked, id=17340, stack(0x000000d6f9d00000,0x000000d6f9e00000)]
  0x000002bd708ac790 JavaThread "Sweeper thread" daemon [_thread_blocked, id=14264, stack(0x000000d6f9e00000,0x000000d6f9f00000)]
  0x000002bd70b49a30 JavaThread "Notification Thread" daemon [_thread_blocked, id=20904, stack(0x000000d6f9f00000,0x000000d6fa000000)]
  0x000002bd70b715c0 JavaThread "Common-Cleaner" daemon [_thread_blocked, id=12656, stack(0x000000d6fa100000,0x000000d6fa200000)]
=>0x000002bd70bfb7f0 JavaThread "C2 CompilerThread1" daemon [_thread_in_native, id=20956, stack(0x000000d6fa200000,0x000000d6fa300000)]
  0x000002bd713fe080 JavaThread "ReaderThread" [_thread_in_native, id=19736, stack(0x000000d6fa400000,0x000000d6fa500000)]

Other Threads:
  0x000002bd6fd6cc70 VMThread "VM Thread" [stack: 0x000000d6f9500000,0x000000d6f9600000] [id=13964]
  0x000002bd514a4a60 WatcherThread [stack: 0x000000d6fa000000,0x000000d6fa100000] [id=6828]
  0x000002bd51482260 GCTaskThread "GC Thread#0" [stack: 0x000000d6f9000000,0x000000d6f9100000] [id=10244]
  0x000002bd71a63030 GCTaskThread "GC Thread#1" [stack: 0x000000d6fa500000,0x000000d6fa600000] [id=21464]
  0x000002bd70ddb1b0 GCTaskThread "GC Thread#2" [stack: 0x000000d6fa600000,0x000000d6fa700000] [id=12040]
  0x000002bd70ddb460 GCTaskThread "GC Thread#3" [stack: 0x000000d6fa700000,0x000000d6fa800000] [id=1656]
  0x000002bd71a34940 GCTaskThread "GC Thread#4" [stack: 0x000000d6fa800000,0x000000d6fa900000] [id=10700]
  0x000002bd71a34bf0 GCTaskThread "GC Thread#5" [stack: 0x000000d6fa900000,0x000000d6faa00000] [id=19832]
  0x000002bd71c9c940 GCTaskThread "GC Thread#6" [stack: 0x000000d6faa00000,0x000000d6fab00000] [id=2932]
  0x000002bd7213ac00 GCTaskThread "GC Thread#7" [stack: 0x000000d6fab00000,0x000000d6fac00000] [id=9404]
  0x000002bd514933d0 ConcurrentGCThread "G1 Main Marker" [stack: 0x000000d6f9100000,0x000000d6f9200000] [id=7368]
  0x000002bd51494df0 ConcurrentGCThread "G1 Conc#0" [stack: 0x000000d6f9200000,0x000000d6f9300000] [id=6080]
  0x000002bd6fbfdd50 ConcurrentGCThread "G1 Refine#0" [stack: 0x000000d6f9300000,0x000000d6f9400000] [id=8300]
  0x000002bd6fc00680 ConcurrentGCThread "G1 Service" [stack: 0x000000d6f9400000,0x000000d6f9500000] [id=21008]

Threads with active compile tasks:
C2 CompilerThread0     1119 1699   !   4       java.net.URL::<init> (543 bytes)
C2 CompilerThread1     1119 1489       4       jdk.internal.org.objectweb.asm.Frame::execute (2305 bytes)

VM state: not at safepoint (normal execution)

VM Mutex/Monitor currently owned by a thread: None

Heap address: 0x0000000705600000, size: 4010 MB, Compressed Oops mode: Zero based, Oop shift amount: 3

CDS archive(s) not mapped
Compressed class space mapped at: 0x0000000800000000-0x0000000840000000, reserved size: 1073741824
Narrow klass base: 0x0000000800000000, Narrow klass shift: 0, Narrow klass range: 0x40000000

GC Precious Log:
 CPUs: 8 total, 8 available
 Memory: 16039M
 Large Page Support: Disabled
 NUMA Support: Disabled
 Compressed Oops: Enabled (Zero based)
 Heap Region Size: 2M
 Heap Min Capacity: 8M
 Heap Initial Capacity: 252M
 Heap Max Capacity: 4010M
 Pre-touch: Disabled
 Parallel Workers: 8
 Concurrent Workers: 2
 Concurrent Refinement Workers: 8
 Periodic GC: Disabled

Heap:
 garbage-first heap   total 258048K, used 16704K [0x0000000705600000, 0x0000000800000000)
  region size 2048K, 5 young (10240K), 2 survivors (4096K)
 Metaspace       used 21056K, committed 21312K, reserved 1073152K
  class space    used 2230K, committed 2368K, reserved 1048576K

Heap Regions: E=young(eden), S=young(survivor), O=old, HS=humongous(starts), HC=humongous(continues), CS=collection set, F=free, OA=open archive, CA=closed archive, TAMS=top-at-mark-start (previous, next)
|   0|0x0000000705600000, 0x0000000705800000, 0x0000000705800000|100%| O|  |TAMS 0x0000000705600000, 0x0000000705600000| Untracked 
|   1|0x0000000705800000, 0x0000000705a00000, 0x0000000705a00000|100%| O|  |TAMS 0x0000000705800000, 0x0000000705800000| Untracked 
|   2|0x0000000705a00000, 0x0000000705c00000, 0x0000000705c00000|100%| O|  |TAMS 0x0000000705a00000, 0x0000000705a00000| Untracked 
|   3|0x0000000705c00000, 0x0000000705e00000, 0x0000000705e00000|100%| O|  |TAMS 0x0000000705c00000, 0x0000000705c00000| Untracked 
|   4|0x0000000705e00000, 0x0000000706000000, 0x0000000706000000|100%| O|  |TAMS 0x0000000705e00000, 0x0000000705e00000| Untracked 
|   5|0x0000000706000000, 0x0000000706028c00, 0x0000000706200000|  7%| O|  |TAMS 0x0000000706000000, 0x0000000706000000| Untracked 
|   6|0x0000000706200000, 0x0000000706200000, 0x0000000706400000|  0%| F|  |TAMS 0x0000000706200000, 0x0000000706200000| Untracked 
|   7|0x0000000706400000, 0x0000000706400000, 0x0000000706600000|  0%| F|  |TAMS 0x0000000706400000, 0x0000000706400000| Untracked 
|   8|0x0000000706600000, 0x0000000706600000, 0x0000000706800000|  0%| F|  |TAMS 0x0000000706600000, 0x0000000706600000| Untracked 
|   9|0x0000000706800000, 0x0000000706800000, 0x0000000706a00000|  0%| F|  |TAMS 0x0000000706800000, 0x0000000706800000| Untracked 
|  10|0x0000000706a00000, 0x0000000706a00000, 0x0000000706c00000|  0%| F|  |TAMS 0x0000000706a00000, 0x0000000706a00000| Untracked 
|  11|0x0000000706c00000, 0x0000000706c00000, 0x0000000706e00000|  0%| F|  |TAMS 0x0000000706c00000, 0x0000000706c00000| Untracked 
|  12|0x0000000706e00000, 0x0000000706e00000, 0x0000000707000000|  0%| F|  |TAMS 0x0000000706e00000, 0x0000000706e00000| Untracked 
|  13|0x0000000707000000, 0x0000000707000000, 0x0000000707200000|  0%| F|  |TAMS 0x0000000707000000, 0x0000000707000000| Untracked 
|  14|0x0000000707200000, 0x0000000707200000, 0x0000000707400000|  0%| F|  |TAMS 0x0000000707200000, 0x0000000707200000| Untracked 
|  15|0x0000000707400000, 0x0000000707400000, 0x0000000707600000|  0%| F|  |TAMS 0x0000000707400000, 0x0000000707400000| Untracked 
|  16|0x0000000707600000, 0x0000000707600000, 0x0000000707800000|  0%| F|  |TAMS 0x0000000707600000, 0x0000000707600000| Untracked 
|  17|0x0000000707800000, 0x0000000707800000, 0x0000000707a00000|  0%| F|  |TAMS 0x0000000707800000, 0x0000000707800000| Untracked 
|  18|0x0000000707a00000, 0x0000000707a00000, 0x0000000707c00000|  0%| F|  |TAMS 0x0000000707a00000, 0x0000000707a00000| Untracked 
|  19|0x0000000707c00000, 0x0000000707c00000, 0x0000000707e00000|  0%| F|  |TAMS 0x0000000707c00000, 0x0000000707c00000| Untracked 
|  20|0x0000000707e00000, 0x0000000707e00000, 0x0000000708000000|  0%| F|  |TAMS 0x0000000707e00000, 0x0000000707e00000| Untracked 
|  21|0x0000000708000000, 0x0000000708000000, 0x0000000708200000|  0%| F|  |TAMS 0x0000000708000000, 0x0000000708000000| Untracked 
|  22|0x0000000708200000, 0x0000000708200000, 0x0000000708400000|  0%| F|  |TAMS 0x0000000708200000, 0x0000000708200000| Untracked 
|  23|0x0000000708400000, 0x0000000708400000, 0x0000000708600000|  0%| F|  |TAMS 0x0000000708400000, 0x0000000708400000| Untracked 
|  24|0x0000000708600000, 0x0000000708600000, 0x0000000708800000|  0%| F|  |TAMS 0x0000000708600000, 0x0000000708600000| Untracked 
|  25|0x0000000708800000, 0x0000000708800000, 0x0000000708a00000|  0%| F|  |TAMS 0x0000000708800000, 0x0000000708800000| Untracked 
|  26|0x0000000708a00000, 0x0000000708a00000, 0x0000000708c00000|  0%| F|  |TAMS 0x0000000708a00000, 0x0000000708a00000| Untracked 
|  27|0x0000000708c00000, 0x0000000708c00000, 0x0000000708e00000|  0%| F|  |TAMS 0x0000000708c00000, 0x0000000708c00000| Untracked 
|  28|0x0000000708e00000, 0x0000000708e00000, 0x0000000709000000|  0%| F|  |TAMS 0x0000000708e00000, 0x0000000708e00000| Untracked 
|  29|0x0000000709000000, 0x0000000709000000, 0x0000000709200000|  0%| F|  |TAMS 0x0000000709000000, 0x0000000709000000| Untracked 
|  30|0x0000000709200000, 0x0000000709200000, 0x0000000709400000|  0%| F|  |TAMS 0x0000000709200000, 0x0000000709200000| Untracked 
|  31|0x0000000709400000, 0x0000000709400000, 0x0000000709600000|  0%| F|  |TAMS 0x0000000709400000, 0x0000000709400000| Untracked 
|  32|0x0000000709600000, 0x0000000709600000, 0x0000000709800000|  0%| F|  |TAMS 0x0000000709600000, 0x0000000709600000| Untracked 
|  33|0x0000000709800000, 0x0000000709800000, 0x0000000709a00000|  0%| F|  |TAMS 0x0000000709800000, 0x0000000709800000| Untracked 
|  34|0x0000000709a00000, 0x0000000709a00000, 0x0000000709c00000|  0%| F|  |TAMS 0x0000000709a00000, 0x0000000709a00000| Untracked 
|  35|0x0000000709c00000, 0x0000000709c00000, 0x0000000709e00000|  0%| F|  |TAMS 0x0000000709c00000, 0x0000000709c00000| Untracked 
|  36|0x0000000709e00000, 0x0000000709e00000, 0x000000070a000000|  0%| F|  |TAMS 0x0000000709e00000, 0x0000000709e00000| Untracked 
|  37|0x000000070a000000, 0x000000070a000000, 0x000000070a200000|  0%| F|  |TAMS 0x000000070a000000, 0x000000070a000000| Untracked 
|  38|0x000000070a200000, 0x000000070a200000, 0x000000070a400000|  0%| F|  |TAMS 0x000000070a200000, 0x000000070a200000| Untracked 
|  39|0x000000070a400000, 0x000000070a400000, 0x000000070a600000|  0%| F|  |TAMS 0x000000070a400000, 0x000000070a400000| Untracked 
|  40|0x000000070a600000, 0x000000070a600000, 0x000000070a800000|  0%| F|  |TAMS 0x000000070a600000, 0x000000070a600000| Untracked 
|  41|0x000000070a800000, 0x000000070a800000, 0x000000070aa00000|  0%| F|  |TAMS 0x000000070a800000, 0x000000070a800000| Untracked 
|  42|0x000000070aa00000, 0x000000070aa00000, 0x000000070ac00000|  0%| F|  |TAMS 0x000000070aa00000, 0x000000070aa00000| Untracked 
|  43|0x000000070ac00000, 0x000000070ac00000, 0x000000070ae00000|  0%| F|  |TAMS 0x000000070ac00000, 0x000000070ac00000| Untracked 
|  44|0x000000070ae00000, 0x000000070ae00000, 0x000000070b000000|  0%| F|  |TAMS 0x000000070ae00000, 0x000000070ae00000| Untracked 
|  45|0x000000070b000000, 0x000000070b000000, 0x000000070b200000|  0%| F|  |TAMS 0x000000070b000000, 0x000000070b000000| Untracked 
|  46|0x000000070b200000, 0x000000070b200000, 0x000000070b400000|  0%| F|  |TAMS 0x000000070b200000, 0x000000070b200000| Untracked 
|  47|0x000000070b400000, 0x000000070b400000, 0x000000070b600000|  0%| F|  |TAMS 0x000000070b400000, 0x000000070b400000| Untracked 
|  48|0x000000070b600000, 0x000000070b600000, 0x000000070b800000|  0%| F|  |TAMS 0x000000070b600000, 0x000000070b600000| Untracked 
|  49|0x000000070b800000, 0x000000070b800000, 0x000000070ba00000|  0%| F|  |TAMS 0x000000070b800000, 0x000000070b800000| Untracked 
|  50|0x000000070ba00000, 0x000000070ba00000, 0x000000070bc00000|  0%| F|  |TAMS 0x000000070ba00000, 0x000000070ba00000| Untracked 
|  51|0x000000070bc00000, 0x000000070bc00000, 0x000000070be00000|  0%| F|  |TAMS 0x000000070bc00000, 0x000000070bc00000| Untracked 
|  52|0x000000070be00000, 0x000000070be00000, 0x000000070c000000|  0%| F|  |TAMS 0x000000070be00000, 0x000000070be00000| Untracked 
|  53|0x000000070c000000, 0x000000070c000000, 0x000000070c200000|  0%| F|  |TAMS 0x000000070c000000, 0x000000070c000000| Untracked 
|  54|0x000000070c200000, 0x000000070c200000, 0x000000070c400000|  0%| F|  |TAMS 0x000000070c200000, 0x000000070c200000| Untracked 
|  55|0x000000070c400000, 0x000000070c400000, 0x000000070c600000|  0%| F|  |TAMS 0x000000070c400000, 0x000000070c400000| Untracked 
|  56|0x000000070c600000, 0x000000070c600000, 0x000000070c800000|  0%| F|  |TAMS 0x000000070c600000, 0x000000070c600000| Untracked 
|  57|0x000000070c800000, 0x000000070c800000, 0x000000070ca00000|  0%| F|  |TAMS 0x000000070c800000, 0x000000070c800000| Untracked 
|  58|0x000000070ca00000, 0x000000070ca00000, 0x000000070cc00000|  0%| F|  |TAMS 0x000000070ca00000, 0x000000070ca00000| Untracked 
|  59|0x000000070cc00000, 0x000000070cc00000, 0x000000070ce00000|  0%| F|  |TAMS 0x000000070cc00000, 0x000000070cc00000| Untracked 
|  60|0x000000070ce00000, 0x000000070ce00000, 0x000000070d000000|  0%| F|  |TAMS 0x000000070ce00000, 0x000000070ce00000| Untracked 
|  61|0x000000070d000000, 0x000000070d000000, 0x000000070d200000|  0%| F|  |TAMS 0x000000070d000000, 0x000000070d000000| Untracked 
|  62|0x000000070d200000, 0x000000070d200000, 0x000000070d400000|  0%| F|  |TAMS 0x000000070d200000, 0x000000070d200000| Untracked 
|  63|0x000000070d400000, 0x000000070d400000, 0x000000070d600000|  0%| F|  |TAMS 0x000000070d400000, 0x000000070d400000| Untracked 
|  64|0x000000070d600000, 0x000000070d600000, 0x000000070d800000|  0%| F|  |TAMS 0x000000070d600000, 0x000000070d600000| Untracked 
|  65|0x000000070d800000, 0x000000070d800000, 0x000000070da00000|  0%| F|  |TAMS 0x000000070d800000, 0x000000070d800000| Untracked 
|  66|0x000000070da00000, 0x000000070da00000, 0x000000070dc00000|  0%| F|  |TAMS 0x000000070da00000, 0x000000070da00000| Untracked 
|  67|0x000000070dc00000, 0x000000070dc00000, 0x000000070de00000|  0%| F|  |TAMS 0x000000070dc00000, 0x000000070dc00000| Untracked 
|  68|0x000000070de00000, 0x000000070de00000, 0x000000070e000000|  0%| F|  |TAMS 0x000000070de00000, 0x000000070de00000| Untracked 
|  69|0x000000070e000000, 0x000000070e000000, 0x000000070e200000|  0%| F|  |TAMS 0x000000070e000000, 0x000000070e000000| Untracked 
|  70|0x000000070e200000, 0x000000070e200000, 0x000000070e400000|  0%| F|  |TAMS 0x000000070e200000, 0x000000070e200000| Untracked 
|  71|0x000000070e400000, 0x000000070e400000, 0x000000070e600000|  0%| F|  |TAMS 0x000000070e400000, 0x000000070e400000| Untracked 
|  72|0x000000070e600000, 0x000000070e600000, 0x000000070e800000|  0%| F|  |TAMS 0x000000070e600000, 0x000000070e600000| Untracked 
|  73|0x000000070e800000, 0x000000070e800000, 0x000000070ea00000|  0%| F|  |TAMS 0x000000070e800000, 0x000000070e800000| Untracked 
|  74|0x000000070ea00000, 0x000000070ea00000, 0x000000070ec00000|  0%| F|  |TAMS 0x000000070ea00000, 0x000000070ea00000| Untracked 
|  75|0x000000070ec00000, 0x000000070ec00000, 0x000000070ee00000|  0%| F|  |TAMS 0x000000070ec00000, 0x000000070ec00000| Untracked 
|  76|0x000000070ee00000, 0x000000070ee00000, 0x000000070f000000|  0%| F|  |TAMS 0x000000070ee00000, 0x000000070ee00000| Untracked 
|  77|0x000000070f000000, 0x000000070f000000, 0x000000070f200000|  0%| F|  |TAMS 0x000000070f000000, 0x000000070f000000| Untracked 
|  78|0x000000070f200000, 0x000000070f200000, 0x000000070f400000|  0%| F|  |TAMS 0x000000070f200000, 0x000000070f200000| Untracked 
|  79|0x000000070f400000, 0x000000070f400000, 0x000000070f600000|  0%| F|  |TAMS 0x000000070f400000, 0x000000070f400000| Untracked 
|  80|0x000000070f600000, 0x000000070f600000, 0x000000070f800000|  0%| F|  |TAMS 0x000000070f600000, 0x000000070f600000| Untracked 
|  81|0x000000070f800000, 0x000000070f800000, 0x000000070fa00000|  0%| F|  |TAMS 0x000000070f800000, 0x000000070f800000| Untracked 
|  82|0x000000070fa00000, 0x000000070fa00000, 0x000000070fc00000|  0%| F|  |TAMS 0x000000070fa00000, 0x000000070fa00000| Untracked 
|  83|0x000000070fc00000, 0x000000070fc00000, 0x000000070fe00000|  0%| F|  |TAMS 0x000000070fc00000, 0x000000070fc00000| Untracked 
|  84|0x000000070fe00000, 0x000000070fe00000, 0x0000000710000000|  0%| F|  |TAMS 0x000000070fe00000, 0x000000070fe00000| Untracked 
|  85|0x0000000710000000, 0x0000000710000000, 0x0000000710200000|  0%| F|  |TAMS 0x0000000710000000, 0x0000000710000000| Untracked 
|  86|0x0000000710200000, 0x0000000710200000, 0x0000000710400000|  0%| F|  |TAMS 0x0000000710200000, 0x0000000710200000| Untracked 
|  87|0x0000000710400000, 0x0000000710400000, 0x0000000710600000|  0%| F|  |TAMS 0x0000000710400000, 0x0000000710400000| Untracked 
|  88|0x0000000710600000, 0x0000000710600000, 0x0000000710800000|  0%| F|  |TAMS 0x0000000710600000, 0x0000000710600000| Untracked 
|  89|0x0000000710800000, 0x0000000710800000, 0x0000000710a00000|  0%| F|  |TAMS 0x0000000710800000, 0x0000000710800000| Untracked 
|  90|0x0000000710a00000, 0x0000000710a00000, 0x0000000710c00000|  0%| F|  |TAMS 0x0000000710a00000, 0x0000000710a00000| Untracked 
|  91|0x0000000710c00000, 0x0000000710c00000, 0x0000000710e00000|  0%| F|  |TAMS 0x0000000710c00000, 0x0000000710c00000| Untracked 
|  92|0x0000000710e00000, 0x0000000710e00000, 0x0000000711000000|  0%| F|  |TAMS 0x0000000710e00000, 0x0000000710e00000| Untracked 
|  93|0x0000000711000000, 0x0000000711000000, 0x0000000711200000|  0%| F|  |TAMS 0x0000000711000000, 0x0000000711000000| Untracked 
|  94|0x0000000711200000, 0x0000000711200000, 0x0000000711400000|  0%| F|  |TAMS 0x0000000711200000, 0x0000000711200000| Untracked 
|  95|0x0000000711400000, 0x0000000711400000, 0x0000000711600000|  0%| F|  |TAMS 0x0000000711400000, 0x0000000711400000| Untracked 
|  96|0x0000000711600000, 0x0000000711600000, 0x0000000711800000|  0%| F|  |TAMS 0x0000000711600000, 0x0000000711600000| Untracked 
|  97|0x0000000711800000, 0x0000000711800000, 0x0000000711a00000|  0%| F|  |TAMS 0x0000000711800000, 0x0000000711800000| Untracked 
|  98|0x0000000711a00000, 0x0000000711a00000, 0x0000000711c00000|  0%| F|  |TAMS 0x0000000711a00000, 0x0000000711a00000| Untracked 
|  99|0x0000000711c00000, 0x0000000711c00000, 0x0000000711e00000|  0%| F|  |TAMS 0x0000000711c00000, 0x0000000711c00000| Untracked 
| 100|0x0000000711e00000, 0x0000000711e00000, 0x0000000712000000|  0%| F|  |TAMS 0x0000000711e00000, 0x0000000711e00000| Untracked 
| 101|0x0000000712000000, 0x0000000712000000, 0x0000000712200000|  0%| F|  |TAMS 0x0000000712000000, 0x0000000712000000| Untracked 
| 102|0x0000000712200000, 0x0000000712200000, 0x0000000712400000|  0%| F|  |TAMS 0x0000000712200000, 0x0000000712200000| Untracked 
| 103|0x0000000712400000, 0x0000000712400000, 0x0000000712600000|  0%| F|  |TAMS 0x0000000712400000, 0x0000000712400000| Untracked 
| 104|0x0000000712600000, 0x0000000712600000, 0x0000000712800000|  0%| F|  |TAMS 0x0000000712600000, 0x0000000712600000| Untracked 
| 105|0x0000000712800000, 0x0000000712800000, 0x0000000712a00000|  0%| F|  |TAMS 0x0000000712800000, 0x0000000712800000| Untracked 
| 106|0x0000000712a00000, 0x0000000712a00000, 0x0000000712c00000|  0%| F|  |TAMS 0x0000000712a00000, 0x0000000712a00000| Untracked 
| 107|0x0000000712c00000, 0x0000000712c00000, 0x0000000712e00000|  0%| F|  |TAMS 0x0000000712c00000, 0x0000000712c00000| Untracked 
| 108|0x0000000712e00000, 0x0000000712e00000, 0x0000000713000000|  0%| F|  |TAMS 0x0000000712e00000, 0x0000000712e00000| Untracked 
| 109|0x0000000713000000, 0x0000000713000000, 0x0000000713200000|  0%| F|  |TAMS 0x0000000713000000, 0x0000000713000000| Untracked 
| 110|0x0000000713200000, 0x0000000713200000, 0x0000000713400000|  0%| F|  |TAMS 0x0000000713200000, 0x0000000713200000| Untracked 
| 111|0x0000000713400000, 0x0000000713400000, 0x0000000713600000|  0%| F|  |TAMS 0x0000000713400000, 0x0000000713400000| Untracked 
| 112|0x0000000713600000, 0x0000000713600000, 0x0000000713800000|  0%| F|  |TAMS 0x0000000713600000, 0x0000000713600000| Untracked 
| 113|0x0000000713800000, 0x0000000713800000, 0x0000000713a00000|  0%| F|  |TAMS 0x0000000713800000, 0x0000000713800000| Untracked 
| 114|0x0000000713a00000, 0x0000000713a00000, 0x0000000713c00000|  0%| F|  |TAMS 0x0000000713a00000, 0x0000000713a00000| Untracked 
| 115|0x0000000713c00000, 0x0000000713c27660, 0x0000000713e00000|  7%| S|CS|TAMS 0x0000000713c00000, 0x0000000713c00000| Complete 
| 116|0x0000000713e00000, 0x0000000714000000, 0x0000000714000000|100%| S|CS|TAMS 0x0000000713e00000, 0x0000000713e00000| Complete 
| 117|0x0000000714000000, 0x0000000714000000, 0x0000000714200000|  0%| F|  |TAMS 0x0000000714000000, 0x0000000714000000| Untracked 
| 118|0x0000000714200000, 0x0000000714200000, 0x0000000714400000|  0%| F|  |TAMS 0x0000000714200000, 0x0000000714200000| Untracked 
| 119|0x0000000714400000, 0x0000000714400000, 0x0000000714600000|  0%| F|  |TAMS 0x0000000714400000, 0x0000000714400000| Untracked 
| 120|0x0000000714600000, 0x0000000714600000, 0x0000000714800000|  0%| F|  |TAMS 0x0000000714600000, 0x0000000714600000| Untracked 
| 121|0x0000000714800000, 0x0000000714800000, 0x0000000714a00000|  0%| F|  |TAMS 0x0000000714800000, 0x0000000714800000| Untracked 
| 122|0x0000000714a00000, 0x0000000714a00000, 0x0000000714c00000|  0%| F|  |TAMS 0x0000000714a00000, 0x0000000714a00000| Untracked 
| 123|0x0000000714c00000, 0x0000000714e00000, 0x0000000714e00000|100%| E|  |TAMS 0x0000000714c00000, 0x0000000714c00000| Complete 
| 124|0x0000000714e00000, 0x0000000715000000, 0x0000000715000000|100%| E|CS|TAMS 0x0000000714e00000, 0x0000000714e00000| Complete 
| 125|0x0000000715000000, 0x0000000715200000, 0x0000000715200000|100%| E|CS|TAMS 0x0000000715000000, 0x0000000715000000| Complete 

Card table byte_map: [0x000002bd645d0000,0x000002bd64db0000] _byte_map_base: 0x000002bd60da5000

Marking Bits (Prev, Next): (CMBitMap*) 0x000002bd51482870, (CMBitMap*) 0x000002bd514828b0
 Prev Bits: [0x000002bd65590000, 0x000002bd69438000)
 Next Bits: [0x000002bd69440000, 0x000002bd6d2e8000)

Polling page: 0x000002bd4f310000

Metaspace:

Usage:
  Non-class:     18.48 MB used.
      Class:      2.19 MB used.
       Both:     20.67 MB used.

Virtual space:
  Non-class space:       24.00 MB reserved,      18.56 MB ( 77%) committed,  3 nodes.
      Class space:        1.00 GB reserved,       2.31 MB ( <1%) committed,  1 nodes.
             Both:        1.02 GB reserved,      20.88 MB (  2%) committed. 

Chunk freelists:
   Non-Class:  1.44 MB
       Class:  1.55 MB
        Both:  2.98 MB

MaxMetaspaceSize: unlimited
CompressedClassSpaceSize: 1.00 GB
Initial GC threshold: 21.00 MB
Current GC threshold: 21.00 MB
CDS: off
MetaspaceReclaimPolicy: balanced
 - commit_granule_bytes: 65536.
 - commit_granule_words: 8192.
 - virtual_space_node_default_size: 1048576.
 - enlarge_chunks_in_place: 1.
 - new_chunks_are_fully_committed: 0.
 - uncommit_free_chunks: 1.
 - use_allocation_guard: 0.
 - handle_deallocations: 1.


Internal statistics:

num_allocs_failed_limit: 0.
num_arena_births: 156.
num_arena_deaths: 0.
num_vsnodes_births: 4.
num_vsnodes_deaths: 0.
num_space_committed: 334.
num_space_uncommitted: 0.
num_chunks_returned_to_freelist: 0.
num_chunks_taken_from_freelist: 462.
num_chunk_merges: 0.
num_chunk_splits: 295.
num_chunks_enlarged: 213.
num_purges: 0.
num_inconsistent_stats: 0.

CodeHeap 'non-profiled nmethods': size=120000Kb used=678Kb max_used=678Kb free=119321Kb
 bounds [0x000002bd5c590000, 0x000002bd5c800000, 0x000002bd63ac0000]
CodeHeap 'profiled nmethods': size=120000Kb used=3296Kb max_used=3296Kb free=116703Kb
 bounds [0x000002bd55060000, 0x000002bd553a0000, 0x000002bd5c590000]
CodeHeap 'non-nmethods': size=5760Kb used=1213Kb max_used=1230Kb free=4546Kb
 bounds [0x000002bd54ac0000, 0x000002bd54d30000, 0x000002bd55060000]
 total_blobs=2214 nmethods=1710 adapters=417
 compilation: enabled
              stopped_count=0, restarted_count=0
 full_count=0

Compilation events (20 events):
Event: 1.037 Thread 0x000002bd7088ed30 1627       4       jdk.internal.misc.Unsafe::allocateUninitializedArray (55 bytes)
Event: 1.038 Thread 0x000002bd7088ed30 nmethod 1627 0x000002bd5c633410 code [0x000002bd5c6335a0, 0x000002bd5c633758]
Event: 1.047 Thread 0x000002bd70899670 1628       3       java.nio.ByteBuffer::arrayOffset (35 bytes)
Event: 1.048 Thread 0x000002bd70899670 nmethod 1628 0x000002bd55365310 code [0x000002bd553654e0, 0x000002bd553657b8]
Event: 1.051 Thread 0x000002bd70899670 1630       3       java.lang.reflect.Proxy$ProxyBuilder::addElementTypes (33 bytes)
Event: 1.051 Thread 0x000002bd70899670 nmethod 1630 0x000002bd55365910 code [0x000002bd55365b20, 0x000002bd55366228]
Event: 1.051 Thread 0x000002bd70899670 1632       3       jdk.internal.org.objectweb.asm.MethodWriter::putFrame (549 bytes)
Event: 1.052 Thread 0x000002bd70899670 nmethod 1632 0x000002bd55366510 code [0x000002bd55366980, 0x000002bd55368538]
Event: 1.052 Thread 0x000002bd70899670 1631       3       java.lang.ref.ReferenceQueue::reallyPoll (65 bytes)
Event: 1.052 Thread 0x000002bd70899670 nmethod 1631 0x000002bd55369190 code [0x000002bd55369360, 0x000002bd553698b8]
Event: 1.052 Thread 0x000002bd70899670 1629       1       java.lang.reflect.Method::getSharedExceptionTypes (5 bytes)
Event: 1.052 Thread 0x000002bd70899670 nmethod 1629 0x000002bd5c633890 code [0x000002bd5c633a20, 0x000002bd5c633af8]
Event: 1.052 Thread 0x000002bd70899670 1633       1       java.lang.reflect.Field::getName (5 bytes)
Event: 1.052 Thread 0x000002bd70899670 nmethod 1633 0x000002bd5c633b90 code [0x000002bd5c633d20, 0x000002bd5c633df8]
Event: 1.058 Thread 0x000002bd7088ed30 1635       4       java.lang.invoke.MemberName::getReferenceKind (12 bytes)
Event: 1.058 Thread 0x000002bd7088ed30 nmethod 1635 0x000002bd5c634490 code [0x000002bd5c634600, 0x000002bd5c634678]
Event: 1.064 Thread 0x000002bd70899670 1638       3       java.lang.invoke.TypeConvertingMethodAdapter::cast (42 bytes)
Event: 1.064 Thread 0x000002bd70899670 nmethod 1638 0x000002bd55369990 code [0x000002bd55369b80, 0x000002bd5536a008]
Event: 1.070 Thread 0x000002bd70899670 1639       3       java.lang.reflect.Constructor::setConstructorAccessor (21 bytes)
Event: 1.070 Thread 0x000002bd70899670 nmethod 1639 0x000002bd5536a190 code [0x000002bd5536a340, 0x000002bd5536a648]

GC Heap History (4 events):
Event: 0.574 GC heap before
{Heap before GC invocations=0 (full 0):
 garbage-first heap   total 258048K, used 20480K [0x0000000705600000, 0x0000000800000000)
  region size 2048K, 11 young (22528K), 0 survivors (0K)
 Metaspace       used 13298K, committed 13440K, reserved 1064960K
  class space    used 1298K, committed 1408K, reserved 1048576K
}
Event: 0.578 GC heap after
{Heap after GC invocations=1 (full 0):
 garbage-first heap   total 258048K, used 10293K [0x0000000705600000, 0x0000000800000000)
  region size 2048K, 2 young (4096K), 2 survivors (4096K)
 Metaspace       used 13298K, committed 13440K, reserved 1064960K
  class space    used 1298K, committed 1408K, reserved 1048576K
}
Event: 1.024 GC heap before
{Heap before GC invocations=1 (full 0):
 garbage-first heap   total 258048K, used 26677K [0x0000000705600000, 0x0000000800000000)
  region size 2048K, 11 young (22528K), 2 survivors (4096K)
 Metaspace       used 19508K, committed 19776K, reserved 1073152K
  class space    used 2045K, committed 2176K, reserved 1048576K
}
Event: 1.028 GC heap after
{Heap after GC invocations=2 (full 0):
 garbage-first heap   total 258048K, used 12608K [0x0000000705600000, 0x0000000800000000)
  region size 2048K, 2 young (4096K), 2 survivors (4096K)
 Metaspace       used 19508K, committed 19776K, reserved 1073152K
  class space    used 2045K, committed 2176K, reserved 1048576K
}

Deoptimization events (20 events):
Event: 0.937 Thread 0x000002bd51414c20 Uncommon trap: trap_request=0xffffff45 fr.pc=0x000002bd5c5e50c8 relative=0x0000000000000048
Event: 0.937 Thread 0x000002bd51414c20 Uncommon trap: reason=unstable_if action=reinterpret pc=0x000002bd5c5e50c8 method=java.lang.CharacterData.of(I)Ljava/lang/CharacterData; @ 4 c2
Event: 0.937 Thread 0x000002bd51414c20 DEOPT PACKING pc=0x000002bd5c5e50c8 sp=0x000000d6f8ffcb90
Event: 0.937 Thread 0x000002bd51414c20 DEOPT UNPACKING pc=0x000002bd54b15c23 sp=0x000000d6f8ffcb30 mode 2
Event: 1.011 Thread 0x000002bd51414c20 Uncommon trap: trap_request=0xffffffde fr.pc=0x000002bd5c631fb4 relative=0x0000000000000114
Event: 1.011 Thread 0x000002bd51414c20 Uncommon trap: reason=class_check action=maybe_recompile pc=0x000002bd5c631fb4 method=jdk.internal.misc.Unsafe.allocateUninitializedArray(Ljava/lang/Class;I)Ljava/lang/Object; @ 51 c2
Event: 1.011 Thread 0x000002bd51414c20 DEOPT PACKING pc=0x000002bd5c631fb4 sp=0x000000d6f8ffb0e0
Event: 1.011 Thread 0x000002bd51414c20 DEOPT UNPACKING pc=0x000002bd54b15c23 sp=0x000000d6f8ffb068 mode 2
Event: 1.011 Thread 0x000002bd51414c20 Uncommon trap: trap_request=0xffffffde fr.pc=0x000002bd5c631fb4 relative=0x0000000000000114
Event: 1.011 Thread 0x000002bd51414c20 Uncommon trap: reason=class_check action=maybe_recompile pc=0x000002bd5c631fb4 method=jdk.internal.misc.Unsafe.allocateUninitializedArray(Ljava/lang/Class;I)Ljava/lang/Object; @ 51 c2
Event: 1.011 Thread 0x000002bd51414c20 DEOPT PACKING pc=0x000002bd5c631fb4 sp=0x000000d6f8ffd6e0
Event: 1.011 Thread 0x000002bd51414c20 DEOPT UNPACKING pc=0x000002bd54b15c23 sp=0x000000d6f8ffd668 mode 2
Event: 1.011 Thread 0x000002bd51414c20 Uncommon trap: trap_request=0xffffffde fr.pc=0x000002bd5c631fb4 relative=0x0000000000000114
Event: 1.011 Thread 0x000002bd51414c20 Uncommon trap: reason=class_check action=maybe_recompile pc=0x000002bd5c631fb4 method=jdk.internal.misc.Unsafe.allocateUninitializedArray(Ljava/lang/Class;I)Ljava/lang/Object; @ 51 c2
Event: 1.011 Thread 0x000002bd51414c20 DEOPT PACKING pc=0x000002bd5c631fb4 sp=0x000000d6f8ffd660
Event: 1.011 Thread 0x000002bd51414c20 DEOPT UNPACKING pc=0x000002bd54b15c23 sp=0x000000d6f8ffd5e8 mode 2
Event: 1.011 Thread 0x000002bd51414c20 Uncommon trap: trap_request=0xffffffde fr.pc=0x000002bd5c631fb4 relative=0x0000000000000114
Event: 1.011 Thread 0x000002bd51414c20 Uncommon trap: reason=class_check action=maybe_recompile pc=0x000002bd5c631fb4 method=jdk.internal.misc.Unsafe.allocateUninitializedArray(Ljava/lang/Class;I)Ljava/lang/Object; @ 51 c2
Event: 1.011 Thread 0x000002bd51414c20 DEOPT PACKING pc=0x000002bd5c631fb4 sp=0x000000d6f8ffd510
Event: 1.011 Thread 0x000002bd51414c20 DEOPT UNPACKING pc=0x000002bd54b15c23 sp=0x000000d6f8ffd498 mode 2

Classes unloaded (0 events):
No events

Classes redefined (0 events):
No events

Internal exceptions (19 events):
Event: 0.318 Thread 0x000002bd51414c20 Exception <a 'java/lang/NoSuchMethodError'{0x00000007145a20c0}: 'java.lang.Object java.lang.invoke.DirectMethodHandle$Holder.invokeStaticInit(java.lang.Object, java.lang.Object, java.lang.Object)'> (0x00000007145a20c0) 
thrown [e:\jenkins\tmp\workspace\build\src\src\hotspot\share\interpreter\linkResolver.cpp, line 766]
Event: 0.320 Thread 0x000002bd51414c20 Exception <a 'java/lang/NoSuchMethodError'{0x00000007145ca9c8}: 'int java.lang.invoke.DirectMethodHandle$Holder.invokeStaticInit(java.lang.Object, java.lang.Object)'> (0x00000007145ca9c8) 
thrown [e:\jenkins\tmp\workspace\build\src\src\hotspot\share\interpreter\linkResolver.cpp, line 766]
Event: 0.340 Thread 0x000002bd51414c20 Exception <a 'java/lang/NoSuchMethodError'{0x0000000714258eb8}: 'java.lang.Object java.lang.invoke.DirectMethodHandle$Holder.invokeStaticInit(java.lang.Object)'> (0x0000000714258eb8) 
thrown [e:\jenkins\tmp\workspace\build\src\src\hotspot\share\interpreter\linkResolver.cpp, line 766]
Event: 0.356 Thread 0x000002bd51414c20 Exception <a 'java/lang/NoSuchMethodError'{0x00000007142749b8}: 'void java.lang.invoke.DirectMethodHandle$Holder.invokeStatic(java.lang.Object, java.lang.Object)'> (0x00000007142749b8) 
thrown [e:\jenkins\tmp\workspace\build\src\src\hotspot\share\interpreter\linkResolver.cpp, line 766]
Event: 0.413 Thread 0x000002bd51414c20 Exception <a 'java/lang/NoSuchMethodError'{0x0000000714078718}: 'java.lang.Object java.lang.invoke.DirectMethodHandle$Holder.invokeStaticInit(java.lang.Object, int, int, int, int)'> (0x0000000714078718) 
thrown [e:\jenkins\tmp\workspace\build\src\src\hotspot\share\interpreter\linkResolver.cpp, line 766]
Event: 0.452 Thread 0x000002bd51414c20 Exception <a 'java/lang/NoSuchMethodError'{0x0000000714152218}: 'java.lang.Object java.lang.invoke.DirectMethodHandle$Holder.invokeStaticInit(java.lang.Object, java.lang.Object, int, int, int, int)'> (0x0000000714152218) 
thrown [e:\jenkins\tmp\workspace\build\src\src\hotspot\share\interpreter\linkResolver.cpp, line 766]
Event: 0.519 Thread 0x000002bd51414c20 Exception <a 'java/lang/NoSuchMethodError'{0x0000000713fcb9a0}: 'java.lang.Object java.lang.invoke.DirectMethodHandle$Holder.invokeInterface(java.lang.Object, java.lang.Object)'> (0x0000000713fcb9a0) 
thrown [e:\jenkins\tmp\workspace\build\src\src\hotspot\share\interpreter\linkResolver.cpp, line 766]
Event: 0.548 Thread 0x000002bd51414c20 Exception <a 'java/lang/NoSuchMethodError'{0x0000000713cb1d98}: 'int java.lang.invoke.DirectMethodHandle$Holder.invokeSpecial(java.lang.Object, java.lang.Object, java.lang.Object)'> (0x0000000713cb1d98) 
thrown [e:\jenkins\tmp\workspace\build\src\src\hotspot\share\interpreter\linkResolver.cpp, line 766]
Event: 0.687 Thread 0x000002bd51414c20 Exception <a 'java/lang/NoSuchMethodError'{0x0000000714ab32e8}: 'java.lang.Object java.lang.invoke.DirectMethodHandle$Holder.newInvokeSpecial(java.lang.Object, long, int, java.lang.Object)'> (0x0000000714ab32e8) 
thrown [e:\jenkins\tmp\workspace\build\src\src\hotspot\share\interpreter\linkResolver.cpp, line 766]
Event: 0.855 Thread 0x000002bd51414c20 Exception <a 'java/lang/NoSuchMethodError'{0x000000071441efc8}: 'java.lang.Object java.lang.invoke.Invokers$Holder.invokeExact_MT(java.lang.Object, java.lang.Object, java.lang.Object, java.lang.Object, java.lang.Object, java.lang.Object)'> (0x000000071441efc8) 
thrown [e:\jenkins\tmp\workspace\build\src\src\hotspot\share\interpreter\linkResolver.cpp, line 766]
Event: 0.865 Thread 0x000002bd51414c20 Exception <a 'java/lang/NoSuchMethodError'{0x0000000714481fa8}: 'java.lang.Object java.lang.invoke.DirectMethodHandle$Holder.invokeStatic(java.lang.Object, long, java.lang.Object, java.lang.Object)'> (0x0000000714481fa8) 
thrown [e:\jenkins\tmp\workspace\build\src\src\hotspot\share\interpreter\linkResolver.cpp, line 766]
Event: 0.866 Thread 0x000002bd51414c20 Exception <a 'java/lang/NoSuchMethodError'{0x00000007144894e0}: 'java.lang.Object java.lang.invoke.DirectMethodHandle$Holder.newInvokeSpecial(java.lang.Object, long, java.lang.Object, java.lang.Object)'> (0x00000007144894e0) 
thrown [e:\jenkins\tmp\workspace\build\src\src\hotspot\share\interpreter\linkResolver.cpp, line 766]
Event: 0.866 Thread 0x000002bd51414c20 Exception <a 'java/lang/NoSuchMethodError'{0x000000071448d5f8}: 'java.lang.Object java.lang.invoke.DirectMethodHandle$Holder.invokeSpecial(java.lang.Object, java.lang.Object, long, java.lang.Object, java.lang.Object)'> (0x000000071448d5f8) 
thrown [e:\jenkins\tmp\workspace\build\src\src\hotspot\share\interpreter\linkResolver.cpp, line 766]
Event: 0.878 Thread 0x000002bd51414c20 Exception <a 'java/lang/NoSuchMethodError'{0x0000000714518058}: 'java.lang.Object java.lang.invoke.DirectMethodHandle$Holder.newInvokeSpecial(java.lang.Object, java.lang.Object, java.lang.Object, java.lang.Object, java.lang.Object)'> (0x0000000714518058) 
thrown [e:\jenkins\tmp\workspace\build\src\src\hotspot\share\interpreter\linkResolver.cpp, line 766]
Event: 0.952 Thread 0x000002bd51414c20 Exception <a 'java/lang/NoSuchMethodError'{0x00000007143ac9d8}: 'int java.lang.invoke.DirectMethodHandle$Holder.invokeInterface(java.lang.Object, java.lang.Object)'> (0x00000007143ac9d8) 
thrown [e:\jenkins\tmp\workspace\build\src\src\hotspot\share\interpreter\linkResolver.cpp, line 766]
Event: 0.952 Thread 0x000002bd51414c20 Exception <a 'java/lang/IncompatibleClassChangeError'{0x00000007143aff68}: Found class java.lang.Object, but interface was expected> (0x00000007143aff68) 
thrown [e:\jenkins\tmp\workspace\build\src\src\hotspot\share\interpreter\linkResolver.cpp, line 833]
Event: 0.995 Thread 0x000002bd51414c20 Exception <a 'java/lang/NoSuchMethodError'{0x00000007140e6928}: 'void java.lang.invoke.DirectMethodHandle$Holder.invokeStatic(java.lang.Object, java.lang.Object, java.lang.Object)'> (0x00000007140e6928) 
thrown [e:\jenkins\tmp\workspace\build\src\src\hotspot\share\interpreter\linkResolver.cpp, line 766]
Event: 1.058 Thread 0x000002bd51414c20 Exception <a 'java/lang/NoSuchMethodError'{0x0000000714e193c0}: 'int java.lang.invoke.DirectMethodHandle$Holder.invokeVirtual(java.lang.Object, java.lang.Object)'> (0x0000000714e193c0) 
thrown [e:\jenkins\tmp\workspace\build\src\src\hotspot\share\interpreter\linkResolver.cpp, line 766]
Event: 1.063 Thread 0x000002bd51414c20 Exception <a 'java/lang/NoSuchMethodError'{0x0000000714e64050}: 'int java.lang.invoke.DirectMethodHandle$Holder.invokeStaticInit(java.lang.Object, java.lang.Object, java.lang.Object)'> (0x0000000714e64050) 
thrown [e:\jenkins\tmp\workspace\build\src\src\hotspot\share\interpreter\linkResolver.cpp, line 766]

VM Operations (20 events):
Event: 0.405 Executing VM operation: HandshakeAllThreads
Event: 0.405 Executing VM operation: HandshakeAllThreads done
Event: 0.457 Executing VM operation: HandshakeAllThreads
Event: 0.457 Executing VM operation: HandshakeAllThreads done
Event: 0.458 Executing VM operation: HandshakeAllThreads
Event: 0.458 Executing VM operation: HandshakeAllThreads done
Event: 0.486 Executing VM operation: HandshakeAllThreads
Event: 0.486 Executing VM operation: HandshakeAllThreads done
Event: 0.574 Executing VM operation: G1CollectForAllocation
Event: 0.578 Executing VM operation: G1CollectForAllocation done
Event: 0.706 Executing VM operation: HandshakeAllThreads
Event: 0.706 Executing VM operation: HandshakeAllThreads done
Event: 0.864 Executing VM operation: HandshakeAllThreads
Event: 0.864 Executing VM operation: HandshakeAllThreads done
Event: 0.937 Executing VM operation: HandshakeAllThreads
Event: 0.937 Executing VM operation: HandshakeAllThreads done
Event: 0.955 Executing VM operation: HandshakeAllThreads
Event: 0.955 Executing VM operation: HandshakeAllThreads done
Event: 1.024 Executing VM operation: G1CollectForAllocation
Event: 1.028 Executing VM operation: G1CollectForAllocation done

Events (20 events):
Event: 1.007 loading class com/sun/jmx/mbeanserver/StandardMBeanIntrospector
Event: 1.007 loading class com/sun/jmx/mbeanserver/StandardMBeanIntrospector done
Event: 1.044 loading class java/util/concurrent/atomic/AtomicIntegerArray
Event: 1.044 loading class java/util/concurrent/atomic/AtomicIntegerArray done
Event: 1.044 loading class java/util/Currency
Event: 1.045 loading class java/util/Currency done
Event: 1.046 loading class java/util/concurrent/atomic/AtomicLongArray
Event: 1.046 loading class java/util/concurrent/atomic/AtomicLongArray done
Event: 1.052 loading class jdk/internal/reflect/UnsafeQualifiedObjectFieldAccessorImpl
Event: 1.052 loading class jdk/internal/reflect/UnsafeQualifiedFieldAccessorImpl
Event: 1.052 loading class jdk/internal/reflect/UnsafeQualifiedFieldAccessorImpl done
Event: 1.052 loading class jdk/internal/reflect/UnsafeQualifiedObjectFieldAccessorImpl done
Event: 1.053 loading class sun/nio/ch/IOStatus
Event: 1.053 loading class sun/nio/ch/IOStatus done
Event: 1.058 loading class java/util/function/ToIntFunction
Event: 1.058 loading class java/util/function/ToIntFunction done
Event: 1.063 loading class java/util/function/BiPredicate
Event: 1.063 loading class java/util/function/BiPredicate done
Event: 1.069 loading class java/util/HashMap$KeySpliterator
Event: 1.069 loading class java/util/HashMap$KeySpliterator done


Dynamic libraries:
0x00007ff621060000 - 0x00007ff62106e000 	C:\eclipse\plugins\org.eclipse.justj.openjdk.hotspot.jre.full.win32.x86_64_17.0.3.v20220515-1416\jre\bin\javaw.exe
0x00007ffd188f0000 - 0x00007ffd18ae8000 	C:\Windows\SYSTEM32\ntdll.dll
0x00007ffd17fe0000 - 0x00007ffd1809f000 	C:\Windows\System32\KERNEL32.DLL
0x00007ffd16660000 - 0x00007ffd16932000 	C:\Windows\System32\KERNELBASE.dll
0x00007ffd16090000 - 0x00007ffd16190000 	C:\Windows\System32\ucrtbase.dll
0x00007ffd0fcd0000 - 0x00007ffd0fce9000 	C:\eclipse\plugins\org.eclipse.justj.openjdk.hotspot.jre.full.win32.x86_64_17.0.3.v20220515-1416\jre\bin\VCRUNTIME140.dll
0x00007ffd002a0000 - 0x00007ffd002b8000 	C:\eclipse\plugins\org.eclipse.justj.openjdk.hotspot.jre.full.win32.x86_64_17.0.3.v20220515-1416\jre\bin\jli.dll
0x00007ffd182b0000 - 0x00007ffd1844d000 	C:\Windows\System32\USER32.dll
0x00007ffcfebc0000 - 0x00007ffcfee5a000 	C:\Windows\WinSxS\amd64_microsoft.windows.common-controls_6595b64144ccf1df_6.0.19041.1110_none_60b5254171f9507e\COMCTL32.dll
0x00007ffd16190000 - 0x00007ffd161b2000 	C:\Windows\System32\win32u.dll
0x00007ffd17da0000 - 0x00007ffd17e3e000 	C:\Windows\System32\msvcrt.dll
0x00007ffd180a0000 - 0x00007ffd180cb000 	C:\Windows\System32\GDI32.dll
0x00007ffd161c0000 - 0x00007ffd162cf000 	C:\Windows\System32\gdi32full.dll
0x00007ffd162d0000 - 0x00007ffd1636d000 	C:\Windows\System32\msvcp_win.dll
0x00007ffd17c20000 - 0x00007ffd17c52000 	C:\Windows\System32\IMM32.DLL
0x00007ffd00530000 - 0x00007ffd0053c000 	C:\eclipse\plugins\org.eclipse.justj.openjdk.hotspot.jre.full.win32.x86_64_17.0.3.v20220515-1416\jre\bin\vcruntime140_1.dll
0x00007ffccf0f0000 - 0x00007ffccf181000 	C:\eclipse\plugins\org.eclipse.justj.openjdk.hotspot.jre.full.win32.x86_64_17.0.3.v20220515-1416\jre\bin\msvcp140.dll
0x00007ffcafae0000 - 0x00007ffcb0728000 	C:\eclipse\plugins\org.eclipse.justj.openjdk.hotspot.jre.full.win32.x86_64_17.0.3.v20220515-1416\jre\bin\server\jvm.dll
0x00007ffd18200000 - 0x00007ffd182ae000 	C:\Windows\System32\ADVAPI32.dll
0x00007ffd180d0000 - 0x00007ffd1816c000 	C:\Windows\System32\sechost.dll
0x00007ffd17990000 - 0x00007ffd17ab5000 	C:\Windows\System32\RPCRT4.dll
0x00007ffd17c60000 - 0x00007ffd17c68000 	C:\Windows\System32\PSAPI.DLL
0x00007ffd0e5c0000 - 0x00007ffd0e5c9000 	C:\Windows\SYSTEM32\WSOCK32.dll
0x00007ffcf23f0000 - 0x00007ffcf2417000 	C:\Windows\SYSTEM32\WINMM.dll
0x00007ffd0e250000 - 0x00007ffd0e25a000 	C:\Windows\SYSTEM32\VERSION.dll
0x00007ffd17450000 - 0x00007ffd174bb000 	C:\Windows\System32\WS2_32.dll
0x00007ffd14800000 - 0x00007ffd14812000 	C:\Windows\SYSTEM32\kernel.appcore.dll
0x00007ffd0e5b0000 - 0x00007ffd0e5ba000 	C:\eclipse\plugins\org.eclipse.justj.openjdk.hotspot.jre.full.win32.x86_64_17.0.3.v20220515-1416\jre\bin\jimage.dll
0x00007ffd13e50000 - 0x00007ffd14034000 	C:\Windows\SYSTEM32\DBGHELP.DLL
0x00007ffcfaea0000 - 0x00007ffcfaecc000 	C:\Windows\SYSTEM32\dbgcore.DLL
0x00007ffd16420000 - 0x00007ffd164a2000 	C:\Windows\System32\bcryptPrimitives.dll
0x00007ffd00b20000 - 0x00007ffd00b45000 	C:\eclipse\plugins\org.eclipse.justj.openjdk.hotspot.jre.full.win32.x86_64_17.0.3.v20220515-1416\jre\bin\java.dll
0x00007ffd01a60000 - 0x00007ffd01a78000 	C:\eclipse\plugins\org.eclipse.justj.openjdk.hotspot.jre.full.win32.x86_64_17.0.3.v20220515-1416\jre\bin\zip.dll
0x00007ffd16b50000 - 0x00007ffd17293000 	C:\Windows\System32\SHELL32.dll
0x00007ffd14050000 - 0x00007ffd147e2000 	C:\Windows\SYSTEM32\windows.storage.dll
0x00007ffd18450000 - 0x00007ffd187a4000 	C:\Windows\System32\combase.dll
0x00007ffd15890000 - 0x00007ffd158c0000 	C:\Windows\SYSTEM32\Wldp.dll
0x00007ffd17b70000 - 0x00007ffd17c1d000 	C:\Windows\System32\SHCORE.dll
0x00007ffd174c0000 - 0x00007ffd17515000 	C:\Windows\System32\shlwapi.dll
0x00007ffd15f30000 - 0x00007ffd15f4f000 	C:\Windows\SYSTEM32\profapi.dll
0x00007ffd01880000 - 0x00007ffd01899000 	C:\eclipse\plugins\org.eclipse.justj.openjdk.hotspot.jre.full.win32.x86_64_17.0.3.v20220515-1416\jre\bin\net.dll
0x00007ffd107d0000 - 0x00007ffd108dc000 	C:\Windows\SYSTEM32\WINHTTP.dll
0x00007ffd15670000 - 0x00007ffd156da000 	C:\Windows\system32\mswsock.dll
0x00007ffd00560000 - 0x00007ffd00575000 	C:\eclipse\plugins\org.eclipse.justj.openjdk.hotspot.jre.full.win32.x86_64_17.0.3.v20220515-1416\jre\bin\nio.dll
0x00007ffd153c0000 - 0x00007ffd1548a000 	C:\Windows\SYSTEM32\DNSAPI.dll
0x00007ffd15380000 - 0x00007ffd153bb000 	C:\Windows\SYSTEM32\IPHLPAPI.DLL
0x00007ffd16b40000 - 0x00007ffd16b48000 	C:\Windows\System32\NSI.dll
0x00007ffd0e280000 - 0x00007ffd0e28a000 	C:\Windows\System32\rasadhlp.dll
0x00007ffd0d8b0000 - 0x00007ffd0d930000 	C:\Windows\System32\fwpuclnt.dll
0x00007ffd15ff0000 - 0x00007ffd16017000 	C:\Windows\System32\bcrypt.dll
0x00007ffd15940000 - 0x00007ffd15958000 	C:\Windows\SYSTEM32\CRYPTSP.dll
0x00007ffd14fb0000 - 0x00007ffd14fe4000 	C:\Windows\system32\rsaenh.dll
0x00007ffd15ef0000 - 0x00007ffd15f1e000 	C:\Windows\SYSTEM32\USERENV.dll
0x00007ffd15800000 - 0x00007ffd1580c000 	C:\Windows\SYSTEM32\CRYPTBASE.dll
0x00007ffd0e260000 - 0x00007ffd0e277000 	C:\Windows\SYSTEM32\dhcpcsvc6.DLL
0x00007ffd0e290000 - 0x00007ffd0e2ad000 	C:\Windows\SYSTEM32\dhcpcsvc.DLL
0x00007ffd021f0000 - 0x00007ffd021f9000 	C:\eclipse\plugins\org.eclipse.justj.openjdk.hotspot.jre.full.win32.x86_64_17.0.3.v20220515-1416\jre\bin\management.dll
0x00007ffd019c0000 - 0x00007ffd019cb000 	C:\eclipse\plugins\org.eclipse.justj.openjdk.hotspot.jre.full.win32.x86_64_17.0.3.v20220515-1416\jre\bin\management_ext.dll
0x00007ffcee760000 - 0x00007ffcee777000 	C:\Windows\system32\napinsp.dll
0x00007ffcee740000 - 0x00007ffcee75b000 	C:\Windows\system32\pnrpnsp.dll
0x00007ffd107a0000 - 0x00007ffd107b5000 	C:\Windows\system32\wshbth.dll
0x00007ffd11380000 - 0x00007ffd1139d000 	C:\Windows\system32\NLAapi.dll
0x00007ffcee720000 - 0x00007ffcee732000 	C:\Windows\System32\winrnr.dll

dbghelp: loaded successfully - version: 4.0.5 - missing functions: none
symbol engine: initialized successfully - sym options: 0x614 - pdb path: .;C:\eclipse\plugins\org.eclipse.justj.openjdk.hotspot.jre.full.win32.x86_64_17.0.3.v20220515-1416\jre\bin;C:\Windows\SYSTEM32;C:\Windows\WinSxS\amd64_microsoft.windows.common-controls_6595b64144ccf1df_6.0.19041.1110_none_60b5254171f9507e;C:\eclipse\plugins\org.eclipse.justj.openjdk.hotspot.jre.full.win32.x86_64_17.0.3.v20220515-1416\jre\bin\server

VM Arguments:
jvm_args: -ea -Dfile.encoding=UTF-8 -XX:+ShowCodeDetailsInExceptionMessages 
java_command: org.testng.remote.RemoteTestNG -serport 50412 -protocol json -d C:\IGS_RingPay_Client\RingPay_Kissht_Master\RingPay-Kissht_Maintained_Script-\test-output C:\IGS_RingPay_Client\RingPay_Kissht_Master\RingPay-Kissht_Maintained_Script-\ringPay.xml
java_class_path (initial): C:\eclipse\configuration\org.eclipse.osgi\892\0\.cp\lib\testng-remote.jar;C:\IGS_RingPay_Client\RingPay_Kissht_Master\RingPay-Kissht_Maintained_Script-\target\test-classes;C:\IGS_RingPay_Client\RingPay_Kissht_Master\RingPay-Kissht_Maintained_Script-\target\classes;C:\Users\Shakir\.m2\repository\io\appium\java-client\7.2.0\java-client-7.2.0.jar;C:\Users\Shakir\.m2\repository\org\seleniumhq\selenium\selenium-support\3.141.59\selenium-support-3.141.59.jar;C:\Users\Shakir\.m2\repository\org\seleniumhq\selenium\selenium-api\3.141.59\selenium-api-3.141.59.jar;C:\Users\Shakir\.m2\repository\com\google\code\gson\gson\2.8.5\gson-2.8.5.jar;C:\Users\Shakir\.m2\repository\org\apache\httpcomponents\httpclient\4.5.9\httpclient-4.5.9.jar;C:\Users\Shakir\.m2\repository\cglib\cglib\3.2.12\cglib-3.2.12.jar;C:\Users\Shakir\.m2\repository\org\ow2\asm\asm\7.1\asm-7.1.jar;C:\Users\Shakir\.m2\repository\commons-io\commons-io\2.6\commons-io-2.6.jar;C:\Users\Shakir\.m2\repository\org\springframework\spring-context\5.1.8.RELEASE\spring-context-5.1.8.RELEASE.jar;C:\Users\Shakir\.m2\repository\org\springframework\spring-aop\5.1.8.RELEASE\spring-aop-5.1.8.RELEASE.jar;C:\Users\Shakir\.m2\repository\org\springframework\spring-beans\5.1.8.RELEASE\spring-beans-5.1.8.RELEASE.jar;C:\Users\Shakir\.m2\repository\org\springframework\spring-core\5.1.8.RELEASE\spring-core-5.1.8.RELEASE.jar;C:\Users\Shakir\.m2\repository\org\springframework\spring-jcl\5.1.8.RELEASE\spring-jcl-5.1.8.RELEASE.jar;C:\Users\Shakir\.m2\repository\org\springframework\spring-expression\5.1.8.RELEASE\spring-expression-5.1.8.RELEASE.jar;C:\Users\Shakir\.m2\repository\org\aspectj\aspectjweaver\1.9.4\aspectjweaver-1.9.4.jar;C:\Users\Shakir\.m2\repository\org\slf4j\slf4j-api\1.7.26\slf4j-api-1.7.26.jar;C:\Users\Shakir\.m2\repository\org\seleniumhq\selenium\selenium-java\3.141.59\selenium-java-3.141.59.jar;C:\Users\Shakir\.m2\repository\org\seleniumhq\selenium\selenium-chrome-driver\3.141.59\selenium-chrome-
Launcher Type: SUN_STANDARD

[Global flags]
     intx CICompilerCount                          = 4                                         {product} {ergonomic}
     uint ConcGCThreads                            = 2                                         {product} {ergonomic}
     uint G1ConcRefinementThreads                  = 8                                         {product} {ergonomic}
   size_t G1HeapRegionSize                         = 2097152                                   {product} {ergonomic}
    uintx GCDrainStackTargetSize                   = 64                                        {product} {ergonomic}
   size_t InitialHeapSize                          = 264241152                                 {product} {ergonomic}
   size_t MarkStackSize                            = 4194304                                   {product} {ergonomic}
   size_t MaxHeapSize                              = 4204789760                                {product} {ergonomic}
   size_t MaxNewSize                               = 2522873856                                {product} {ergonomic}
   size_t MinHeapDeltaBytes                        = 2097152                                   {product} {ergonomic}
   size_t MinHeapSize                              = 8388608                                   {product} {ergonomic}
    uintx NonNMethodCodeHeapSize                   = 5839372                                {pd product} {ergonomic}
    uintx NonProfiledCodeHeapSize                  = 122909434                              {pd product} {ergonomic}
    uintx ProfiledCodeHeapSize                     = 122909434                              {pd product} {ergonomic}
    uintx ReservedCodeCacheSize                    = 251658240                              {pd product} {ergonomic}
     bool SegmentedCodeCache                       = true                                      {product} {ergonomic}
     bool ShowCodeDetailsInExceptionMessages       = true                                   {manageable} {command line}
   size_t SoftMaxHeapSize                          = 4204789760                             {manageable} {ergonomic}
     bool UseCompressedClassPointers               = true                           {product lp64_product} {ergonomic}
     bool UseCompressedOops                        = true                           {product lp64_product} {ergonomic}
     bool UseG1GC                                  = true                                      {product} {ergonomic}
     bool UseLargePagesIndividualAllocation        = false                                  {pd product} {ergonomic}

Logging:
Log output configuration:
 #0: stdout all=warning uptime,level,tags
 #1: stderr all=off uptime,level,tags

Environment Variables:
JAVA_HOME=C:\Program Files\Java\jdk1.8.0_221
PATH=C:/eclipse//plugins/org.eclipse.justj.openjdk.hotspot.jre.full.win32.x86_64_17.0.3.v20220515-1416/jre/bin/server;C:/eclipse//plugins/org.eclipse.justj.openjdk.hotspot.jre.full.win32.x86_64_17.0.3.v20220515-1416/jre/bin;C:\Program Files (x86)\Common Files\Oracle\Java\javapath;C:\Windows\system32;C:\Windows;C:\Windows\System32\Wbem;C:\Windows\System32\WindowsPowerShell\v1.0\;C:\Windows\System32\OpenSSH\;C:\Program Files\apache-maven-3.8.6\bin;C:\Program Files\nodejs\;C:\Program Files\Git\cmd;C:\Program Files\Git\bin;C:\Android\Sdk\platform-tools;C:\Program Files\Java\jdk1.8.0_221\bin;C:\Program Files\Charles;;C:\Program Files\Docker\Docker\resources\bin;C:\Users\Shakir\AppData\Roaming\npm;;C:\eclipse;
USERNAME=Shakir
OS=Windows_NT
PROCESSOR_IDENTIFIER=Intel64 Family 6 Model 140 Stepping 1, GenuineIntel



---------------  S Y S T E M  ---------------

OS:
 Windows 10 , 64 bit Build 19041 (10.0.19041.2251)
OS uptime: 6 days 20:34 hours
Hyper-V role detected

CPU: total 8 (initial active 8) (4 cores per cpu, 2 threads per core) family 6 model 140 stepping 1 microcode 0x9a, cx8, cmov, fxsr, ht, mmx, 3dnowpref, sse, sse2, sse3, ssse3, sse4.1, sse4.2, popcnt, lzcnt, tsc, tscinvbit, avx, avx2, aes, erms, clmul, bmi1, bmi2, adx, avx512f, avx512dq, avx512cd, avx512bw, avx512vl, sha, fma, vzeroupper, avx512_vpopcntdq, avx512_vpclmulqdq, avx512_vaes, avx512_vnni, clflush, clflushopt, clwb, avx512_vbmi2, avx512_vbmi, hv

Memory: 4k page, system-wide physical 16039M (1527M free)
TotalPageFile size 16039M (AvailPageFile size 5M)
current process WorkingSet (physical memory assigned to process): 119M, peak: 119M
current process commit charge ("private bytes"): 378M, peak: 378M

vm_info: OpenJDK 64-Bit Server VM (17.0.3+7) for windows-amd64 JRE (17.0.3+7), built on Apr 19 2022 16:55:35 by "" with MS VC++ 16.7 (VS2019)

END.
