#
# There is insufficient memory for the Java Runtime Environment to continue.
# Native memory allocation (malloc) failed to allocate 719376 bytes for Chunk::new
# Possible reasons:
#   The system is out of physical RAM or swap space
#   The process is running with CompressedOops enabled, and the Java Heap may be blocking the growth of the native heap
# Possible solutions:
#   Reduce memory load on the system
#   Increase physical memory or swap space
#   Check if swap backing store is full
#   Decrease Java heap size (-Xmx/-Xms)
#   Decrease number of Java threads
#   Decrease Java thread stack sizes (-Xss)
#   Set larger code cache with -XX:ReservedCodeCacheSize=
#   JVM is running with Zero Based Compressed Oops mode in which the Java heap is
#     placed in the first 32GB address space. The Java Heap base address is the
#     maximum limit for the native heap growth. Please use -XX:HeapBaseMinAddress
#     to set the Java Heap base and to place the Java Heap above 32GB virtual address.
# This output file may be truncated or incomplete.
#
#  Out of Memory Error (arena.cpp:189), pid=5136, tid=5832
#
# JRE version: OpenJDK Runtime Environment Temurin-17.0.3+7 (17.0.3+7) (build 17.0.3+7)
# Java VM: OpenJDK 64-Bit Server VM Temurin-17.0.3+7 (17.0.3+7, mixed mode, tiered, compressed oops, compressed class ptrs, g1 gc, windows-amd64)
# No core dump will be written. Minidumps are not enabled by default on client versions of Windows
#

---------------  S U M M A R Y ------------

Command Line: -ea -Dfile.encoding=UTF-8 -XX:+ShowCodeDetailsInExceptionMessages org.testng.remote.RemoteTestNG -serport 63739 -protocol json -d C:\IGS_RingPay_Client\RingPay_Kissht_Master\RingPay-Kissht_Maintained_Script-\test-output C:\IGS_RingPay_Client\RingPay_Kissht_Master\RingPay-Kissht_Maintained_Script-\ringPay.xml

Host: 11th Gen Intel(R) Core(TM) i5-1135G7 @ 2.40GHz, 8 cores, 15G,  Windows 10 , 64 bit Build 19041 (10.0.19041.2251)
Time: Thu Dec  8 18:34:32 2022 India Standard Time elapsed time: 1.155764 seconds (0d 0h 0m 1s)

---------------  T H R E A D  ---------------

Current thread (0x000002de1cc89c30):  JavaThread "C2 CompilerThread0" daemon [_thread_in_native, id=5832, stack(0x000000fb1c000000,0x000000fb1c100000)]


Current CompileTask:
C2:   1155 1691   !   4       java.net.URL::<init> (543 bytes)

Stack: [0x000000fb1c000000,0x000000fb1c100000]
Native frames: (J=compiled Java code, j=interpreted, Vv=VM code, C=native code)
V  [jvm.dll+0x675efa]
V  [jvm.dll+0x830a24]
V  [jvm.dll+0x8321ce]
V  [jvm.dll+0x832833]
V  [jvm.dll+0x2454b5]
V  [jvm.dll+0xabd7b]
V  [jvm.dll+0xac30c]
V  [jvm.dll+0x3635d2]
V  [jvm.dll+0x32dca1]
V  [jvm.dll+0x32d14a]
V  [jvm.dll+0x218361]
V  [jvm.dll+0x217781]
V  [jvm.dll+0x1a3ccd]
V  [jvm.dll+0x227178]
V  [jvm.dll+0x2252bc]
V  [jvm.dll+0x7e673b]
V  [jvm.dll+0x7e0cfa]
V  [jvm.dll+0x674d85]
C  [ucrtbase.dll+0x21bb2]
C  [KERNEL32.DLL+0x174b4]
C  [ntdll.dll+0x526a1]


---------------  P R O C E S S  ---------------

Threads class SMR info:
_java_thread_list=0x000002de1dd35210, length=15, elements={
0x000002de7d8c4470, 0x000002de1cc61260, 0x000002de1cc62b30, 0x000002de1cc375e0,
0x000002de7feee810, 0x000002de1cc83ba0, 0x000002de1cc888a0, 0x000002de1cc89c30,
0x000002de1cc8acd0, 0x000002de1cc8e190, 0x000002de1cf36e40, 0x000002de1cf38650,
0x000002de1cffea70, 0x000002de1cf36970, 0x000002de1dd35940
}

Java Threads: ( => current thread )
  0x000002de7d8c4470 JavaThread "main" [_thread_in_vm, id=11236, stack(0x000000fb1b300000,0x000000fb1b400000)]
  0x000002de1cc61260 JavaThread "Reference Handler" daemon [_thread_blocked, id=4976, stack(0x000000fb1ba00000,0x000000fb1bb00000)]
  0x000002de1cc62b30 JavaThread "Finalizer" daemon [_thread_blocked, id=3004, stack(0x000000fb1bb00000,0x000000fb1bc00000)]
  0x000002de1cc375e0 JavaThread "Signal Dispatcher" daemon [_thread_blocked, id=20476, stack(0x000000fb1bc00000,0x000000fb1bd00000)]
  0x000002de7feee810 JavaThread "Attach Listener" daemon [_thread_blocked, id=15824, stack(0x000000fb1bd00000,0x000000fb1be00000)]
  0x000002de1cc83ba0 JavaThread "Service Thread" daemon [_thread_blocked, id=13496, stack(0x000000fb1be00000,0x000000fb1bf00000)]
  0x000002de1cc888a0 JavaThread "Monitor Deflation Thread" daemon [_thread_blocked, id=1144, stack(0x000000fb1bf00000,0x000000fb1c000000)]
=>0x000002de1cc89c30 JavaThread "C2 CompilerThread0" daemon [_thread_in_native, id=5832, stack(0x000000fb1c000000,0x000000fb1c100000)]
  0x000002de1cc8acd0 JavaThread "C1 CompilerThread0" daemon [_thread_blocked, id=17748, stack(0x000000fb1c100000,0x000000fb1c200000)]
  0x000002de1cc8e190 JavaThread "Sweeper thread" daemon [_thread_blocked, id=7196, stack(0x000000fb1c200000,0x000000fb1c300000)]
  0x000002de1cf36e40 JavaThread "Notification Thread" daemon [_thread_blocked, id=1580, stack(0x000000fb1c300000,0x000000fb1c400000)]
  0x000002de1cf38650 JavaThread "Common-Cleaner" daemon [_thread_blocked, id=14940, stack(0x000000fb1c500000,0x000000fb1c600000)]
  0x000002de1cffea70 JavaThread "C2 CompilerThread1" daemon [_thread_blocked, id=14100, stack(0x000000fb1c700000,0x000000fb1c800000)]
  0x000002de1cf36970 JavaThread "ReaderThread" [_thread_in_native, id=5964, stack(0x000000fb1c900000,0x000000fb1ca00000)]
  0x000002de1dd35940 JavaThread "C2 CompilerThread2" daemon [_thread_blocked, id=8852, stack(0x000000fb1ca00000,0x000000fb1cb00000)]

Other Threads:
  0x000002de7fede4e0 VMThread "VM Thread" [stack: 0x000000fb1b900000,0x000000fb1ba00000] [id=21076]
  0x000002de1cf23ff0 WatcherThread [stack: 0x000000fb1c400000,0x000000fb1c500000] [id=17584]
  0x000002de7d92f690 GCTaskThread "GC Thread#0" [stack: 0x000000fb1b400000,0x000000fb1b500000] [id=18004]
  0x000002de1e1bb730 GCTaskThread "GC Thread#1" [stack: 0x000000fb1cb00000,0x000000fb1cc00000] [id=11488]
  0x000002de1e875030 GCTaskThread "GC Thread#2" [stack: 0x000000fb1cc00000,0x000000fb1cd00000] [id=8288]
  0x000002de1e8752e0 GCTaskThread "GC Thread#3" [stack: 0x000000fb1cd00000,0x000000fb1ce00000] [id=20416]
  0x000002de1e875590 GCTaskThread "GC Thread#4" [stack: 0x000000fb1ce00000,0x000000fb1cf00000] [id=16584]
  0x000002de1da084d0 GCTaskThread "GC Thread#5" [stack: 0x000000fb1cf00000,0x000000fb1d000000] [id=14664]
  0x000002de1e728cb0 GCTaskThread "GC Thread#6" [stack: 0x000000fb1d000000,0x000000fb1d100000] [id=2328]
  0x000002de1e446920 GCTaskThread "GC Thread#7" [stack: 0x000000fb1d100000,0x000000fb1d200000] [id=10436]
  0x000002de7d940060 ConcurrentGCThread "G1 Main Marker" [stack: 0x000000fb1b500000,0x000000fb1b600000] [id=10336]
  0x000002de7d941e80 ConcurrentGCThread "G1 Conc#0" [stack: 0x000000fb1b600000,0x000000fb1b700000] [id=6840]
  0x000002de7d98d870 ConcurrentGCThread "G1 Refine#0" [stack: 0x000000fb1b700000,0x000000fb1b800000] [id=19104]
  0x000002de7d98ea30 ConcurrentGCThread "G1 Service" [stack: 0x000000fb1b800000,0x000000fb1b900000] [id=11340]

Threads with active compile tasks:
C2 CompilerThread0     1172 1691   !   4       java.net.URL::<init> (543 bytes)

VM state: not at safepoint (normal execution)

VM Mutex/Monitor currently owned by a thread: None

Heap address: 0x0000000705600000, size: 4010 MB, Compressed Oops mode: Zero based, Oop shift amount: 3

CDS archive(s) not mapped
Compressed class space mapped at: 0x0000000800000000-0x0000000840000000, reserved size: 1073741824
Narrow klass base: 0x0000000800000000, Narrow klass shift: 0, Narrow klass range: 0x40000000

GC Precious Log:
 CPUs: 8 total, 8 available
 Memory: 16039M
 Large Page Support: Disabled
 NUMA Support: Disabled
 Compressed Oops: Enabled (Zero based)
 Heap Region Size: 2M
 Heap Min Capacity: 8M
 Heap Initial Capacity: 252M
 Heap Max Capacity: 4010M
 Pre-touch: Disabled
 Parallel Workers: 8
 Concurrent Workers: 2
 Concurrent Refinement Workers: 8
 Periodic GC: Disabled

Heap:
 garbage-first heap   total 258048K, used 19928K [0x0000000705600000, 0x0000000800000000)
  region size 2048K, 6 young (12288K), 1 survivors (2048K)
 Metaspace       used 21268K, committed 21504K, reserved 1073152K
  class space    used 2255K, committed 2368K, reserved 1048576K

Heap Regions: E=young(eden), S=young(survivor), O=old, HS=humongous(starts), HC=humongous(continues), CS=collection set, F=free, OA=open archive, CA=closed archive, TAMS=top-at-mark-start (previous, next)
|   0|0x0000000705600000, 0x0000000705800000, 0x0000000705800000|100%| O|  |TAMS 0x0000000705600000, 0x0000000705600000| Untracked 
|   1|0x0000000705800000, 0x0000000705a00000, 0x0000000705a00000|100%| O|  |TAMS 0x0000000705800000, 0x0000000705800000| Untracked 
|   2|0x0000000705a00000, 0x0000000705c00000, 0x0000000705c00000|100%| O|  |TAMS 0x0000000705a00000, 0x0000000705a00000| Untracked 
|   3|0x0000000705c00000, 0x0000000705e00000, 0x0000000705e00000|100%| O|  |TAMS 0x0000000705c00000, 0x0000000705c00000| Untracked 
|   4|0x0000000705e00000, 0x0000000705fa9e00, 0x0000000706000000| 83%| O|  |TAMS 0x0000000705e00000, 0x0000000705e00000| Untracked 
|   5|0x0000000706000000, 0x0000000706000000, 0x0000000706200000|  0%| F|  |TAMS 0x0000000706000000, 0x0000000706000000| Untracked 
|   6|0x0000000706200000, 0x0000000706200000, 0x0000000706400000|  0%| F|  |TAMS 0x0000000706200000, 0x0000000706200000| Untracked 
|   7|0x0000000706400000, 0x0000000706400000, 0x0000000706600000|  0%| F|  |TAMS 0x0000000706400000, 0x0000000706400000| Untracked 
|   8|0x0000000706600000, 0x0000000706600000, 0x0000000706800000|  0%| F|  |TAMS 0x0000000706600000, 0x0000000706600000| Untracked 
|   9|0x0000000706800000, 0x0000000706800000, 0x0000000706a00000|  0%| F|  |TAMS 0x0000000706800000, 0x0000000706800000| Untracked 
|  10|0x0000000706a00000, 0x0000000706a00000, 0x0000000706c00000|  0%| F|  |TAMS 0x0000000706a00000, 0x0000000706a00000| Untracked 
|  11|0x0000000706c00000, 0x0000000706c00000, 0x0000000706e00000|  0%| F|  |TAMS 0x0000000706c00000, 0x0000000706c00000| Untracked 
|  12|0x0000000706e00000, 0x0000000706e00000, 0x0000000707000000|  0%| F|  |TAMS 0x0000000706e00000, 0x0000000706e00000| Untracked 
|  13|0x0000000707000000, 0x0000000707000000, 0x0000000707200000|  0%| F|  |TAMS 0x0000000707000000, 0x0000000707000000| Untracked 
|  14|0x0000000707200000, 0x0000000707200000, 0x0000000707400000|  0%| F|  |TAMS 0x0000000707200000, 0x0000000707200000| Untracked 
|  15|0x0000000707400000, 0x0000000707400000, 0x0000000707600000|  0%| F|  |TAMS 0x0000000707400000, 0x0000000707400000| Untracked 
|  16|0x0000000707600000, 0x0000000707600000, 0x0000000707800000|  0%| F|  |TAMS 0x0000000707600000, 0x0000000707600000| Untracked 
|  17|0x0000000707800000, 0x0000000707800000, 0x0000000707a00000|  0%| F|  |TAMS 0x0000000707800000, 0x0000000707800000| Untracked 
|  18|0x0000000707a00000, 0x0000000707a00000, 0x0000000707c00000|  0%| F|  |TAMS 0x0000000707a00000, 0x0000000707a00000| Untracked 
|  19|0x0000000707c00000, 0x0000000707c00000, 0x0000000707e00000|  0%| F|  |TAMS 0x0000000707c00000, 0x0000000707c00000| Untracked 
|  20|0x0000000707e00000, 0x0000000707e00000, 0x0000000708000000|  0%| F|  |TAMS 0x0000000707e00000, 0x0000000707e00000| Untracked 
|  21|0x0000000708000000, 0x0000000708000000, 0x0000000708200000|  0%| F|  |TAMS 0x0000000708000000, 0x0000000708000000| Untracked 
|  22|0x0000000708200000, 0x0000000708200000, 0x0000000708400000|  0%| F|  |TAMS 0x0000000708200000, 0x0000000708200000| Untracked 
|  23|0x0000000708400000, 0x0000000708400000, 0x0000000708600000|  0%| F|  |TAMS 0x0000000708400000, 0x0000000708400000| Untracked 
|  24|0x0000000708600000, 0x0000000708600000, 0x0000000708800000|  0%| F|  |TAMS 0x0000000708600000, 0x0000000708600000| Untracked 
|  25|0x0000000708800000, 0x0000000708800000, 0x0000000708a00000|  0%| F|  |TAMS 0x0000000708800000, 0x0000000708800000| Untracked 
|  26|0x0000000708a00000, 0x0000000708a00000, 0x0000000708c00000|  0%| F|  |TAMS 0x0000000708a00000, 0x0000000708a00000| Untracked 
|  27|0x0000000708c00000, 0x0000000708c00000, 0x0000000708e00000|  0%| F|  |TAMS 0x0000000708c00000, 0x0000000708c00000| Untracked 
|  28|0x0000000708e00000, 0x0000000708e00000, 0x0000000709000000|  0%| F|  |TAMS 0x0000000708e00000, 0x0000000708e00000| Untracked 
|  29|0x0000000709000000, 0x0000000709000000, 0x0000000709200000|  0%| F|  |TAMS 0x0000000709000000, 0x0000000709000000| Untracked 
|  30|0x0000000709200000, 0x0000000709200000, 0x0000000709400000|  0%| F|  |TAMS 0x0000000709200000, 0x0000000709200000| Untracked 
|  31|0x0000000709400000, 0x0000000709400000, 0x0000000709600000|  0%| F|  |TAMS 0x0000000709400000, 0x0000000709400000| Untracked 
|  32|0x0000000709600000, 0x0000000709600000, 0x0000000709800000|  0%| F|  |TAMS 0x0000000709600000, 0x0000000709600000| Untracked 
|  33|0x0000000709800000, 0x0000000709800000, 0x0000000709a00000|  0%| F|  |TAMS 0x0000000709800000, 0x0000000709800000| Untracked 
|  34|0x0000000709a00000, 0x0000000709a00000, 0x0000000709c00000|  0%| F|  |TAMS 0x0000000709a00000, 0x0000000709a00000| Untracked 
|  35|0x0000000709c00000, 0x0000000709c00000, 0x0000000709e00000|  0%| F|  |TAMS 0x0000000709c00000, 0x0000000709c00000| Untracked 
|  36|0x0000000709e00000, 0x0000000709e00000, 0x000000070a000000|  0%| F|  |TAMS 0x0000000709e00000, 0x0000000709e00000| Untracked 
|  37|0x000000070a000000, 0x000000070a000000, 0x000000070a200000|  0%| F|  |TAMS 0x000000070a000000, 0x000000070a000000| Untracked 
|  38|0x000000070a200000, 0x000000070a200000, 0x000000070a400000|  0%| F|  |TAMS 0x000000070a200000, 0x000000070a200000| Untracked 
|  39|0x000000070a400000, 0x000000070a400000, 0x000000070a600000|  0%| F|  |TAMS 0x000000070a400000, 0x000000070a400000| Untracked 
|  40|0x000000070a600000, 0x000000070a600000, 0x000000070a800000|  0%| F|  |TAMS 0x000000070a600000, 0x000000070a600000| Untracked 
|  41|0x000000070a800000, 0x000000070a800000, 0x000000070aa00000|  0%| F|  |TAMS 0x000000070a800000, 0x000000070a800000| Untracked 
|  42|0x000000070aa00000, 0x000000070aa00000, 0x000000070ac00000|  0%| F|  |TAMS 0x000000070aa00000, 0x000000070aa00000| Untracked 
|  43|0x000000070ac00000, 0x000000070ac00000, 0x000000070ae00000|  0%| F|  |TAMS 0x000000070ac00000, 0x000000070ac00000| Untracked 
|  44|0x000000070ae00000, 0x000000070ae00000, 0x000000070b000000|  0%| F|  |TAMS 0x000000070ae00000, 0x000000070ae00000| Untracked 
|  45|0x000000070b000000, 0x000000070b000000, 0x000000070b200000|  0%| F|  |TAMS 0x000000070b000000, 0x000000070b000000| Untracked 
|  46|0x000000070b200000, 0x000000070b200000, 0x000000070b400000|  0%| F|  |TAMS 0x000000070b200000, 0x000000070b200000| Untracked 
|  47|0x000000070b400000, 0x000000070b400000, 0x000000070b600000|  0%| F|  |TAMS 0x000000070b400000, 0x000000070b400000| Untracked 
|  48|0x000000070b600000, 0x000000070b600000, 0x000000070b800000|  0%| F|  |TAMS 0x000000070b600000, 0x000000070b600000| Untracked 
|  49|0x000000070b800000, 0x000000070b800000, 0x000000070ba00000|  0%| F|  |TAMS 0x000000070b800000, 0x000000070b800000| Untracked 
|  50|0x000000070ba00000, 0x000000070ba00000, 0x000000070bc00000|  0%| F|  |TAMS 0x000000070ba00000, 0x000000070ba00000| Untracked 
|  51|0x000000070bc00000, 0x000000070bc00000, 0x000000070be00000|  0%| F|  |TAMS 0x000000070bc00000, 0x000000070bc00000| Untracked 
|  52|0x000000070be00000, 0x000000070be00000, 0x000000070c000000|  0%| F|  |TAMS 0x000000070be00000, 0x000000070be00000| Untracked 
|  53|0x000000070c000000, 0x000000070c000000, 0x000000070c200000|  0%| F|  |TAMS 0x000000070c000000, 0x000000070c000000| Untracked 
|  54|0x000000070c200000, 0x000000070c200000, 0x000000070c400000|  0%| F|  |TAMS 0x000000070c200000, 0x000000070c200000| Untracked 
|  55|0x000000070c400000, 0x000000070c400000, 0x000000070c600000|  0%| F|  |TAMS 0x000000070c400000, 0x000000070c400000| Untracked 
|  56|0x000000070c600000, 0x000000070c600000, 0x000000070c800000|  0%| F|  |TAMS 0x000000070c600000, 0x000000070c600000| Untracked 
|  57|0x000000070c800000, 0x000000070c800000, 0x000000070ca00000|  0%| F|  |TAMS 0x000000070c800000, 0x000000070c800000| Untracked 
|  58|0x000000070ca00000, 0x000000070ca00000, 0x000000070cc00000|  0%| F|  |TAMS 0x000000070ca00000, 0x000000070ca00000| Untracked 
|  59|0x000000070cc00000, 0x000000070cc00000, 0x000000070ce00000|  0%| F|  |TAMS 0x000000070cc00000, 0x000000070cc00000| Untracked 
|  60|0x000000070ce00000, 0x000000070ce00000, 0x000000070d000000|  0%| F|  |TAMS 0x000000070ce00000, 0x000000070ce00000| Untracked 
|  61|0x000000070d000000, 0x000000070d000000, 0x000000070d200000|  0%| F|  |TAMS 0x000000070d000000, 0x000000070d000000| Untracked 
|  62|0x000000070d200000, 0x000000070d200000, 0x000000070d400000|  0%| F|  |TAMS 0x000000070d200000, 0x000000070d200000| Untracked 
|  63|0x000000070d400000, 0x000000070d400000, 0x000000070d600000|  0%| F|  |TAMS 0x000000070d400000, 0x000000070d400000| Untracked 
|  64|0x000000070d600000, 0x000000070d600000, 0x000000070d800000|  0%| F|  |TAMS 0x000000070d600000, 0x000000070d600000| Untracked 
|  65|0x000000070d800000, 0x000000070d800000, 0x000000070da00000|  0%| F|  |TAMS 0x000000070d800000, 0x000000070d800000| Untracked 
|  66|0x000000070da00000, 0x000000070da00000, 0x000000070dc00000|  0%| F|  |TAMS 0x000000070da00000, 0x000000070da00000| Untracked 
|  67|0x000000070dc00000, 0x000000070dc00000, 0x000000070de00000|  0%| F|  |TAMS 0x000000070dc00000, 0x000000070dc00000| Untracked 
|  68|0x000000070de00000, 0x000000070de00000, 0x000000070e000000|  0%| F|  |TAMS 0x000000070de00000, 0x000000070de00000| Untracked 
|  69|0x000000070e000000, 0x000000070e000000, 0x000000070e200000|  0%| F|  |TAMS 0x000000070e000000, 0x000000070e000000| Untracked 
|  70|0x000000070e200000, 0x000000070e200000, 0x000000070e400000|  0%| F|  |TAMS 0x000000070e200000, 0x000000070e200000| Untracked 
|  71|0x000000070e400000, 0x000000070e400000, 0x000000070e600000|  0%| F|  |TAMS 0x000000070e400000, 0x000000070e400000| Untracked 
|  72|0x000000070e600000, 0x000000070e600000, 0x000000070e800000|  0%| F|  |TAMS 0x000000070e600000, 0x000000070e600000| Untracked 
|  73|0x000000070e800000, 0x000000070e800000, 0x000000070ea00000|  0%| F|  |TAMS 0x000000070e800000, 0x000000070e800000| Untracked 
|  74|0x000000070ea00000, 0x000000070ea00000, 0x000000070ec00000|  0%| F|  |TAMS 0x000000070ea00000, 0x000000070ea00000| Untracked 
|  75|0x000000070ec00000, 0x000000070ec00000, 0x000000070ee00000|  0%| F|  |TAMS 0x000000070ec00000, 0x000000070ec00000| Untracked 
|  76|0x000000070ee00000, 0x000000070ee00000, 0x000000070f000000|  0%| F|  |TAMS 0x000000070ee00000, 0x000000070ee00000| Untracked 
|  77|0x000000070f000000, 0x000000070f000000, 0x000000070f200000|  0%| F|  |TAMS 0x000000070f000000, 0x000000070f000000| Untracked 
|  78|0x000000070f200000, 0x000000070f200000, 0x000000070f400000|  0%| F|  |TAMS 0x000000070f200000, 0x000000070f200000| Untracked 
|  79|0x000000070f400000, 0x000000070f400000, 0x000000070f600000|  0%| F|  |TAMS 0x000000070f400000, 0x000000070f400000| Untracked 
|  80|0x000000070f600000, 0x000000070f600000, 0x000000070f800000|  0%| F|  |TAMS 0x000000070f600000, 0x000000070f600000| Untracked 
|  81|0x000000070f800000, 0x000000070f800000, 0x000000070fa00000|  0%| F|  |TAMS 0x000000070f800000, 0x000000070f800000| Untracked 
|  82|0x000000070fa00000, 0x000000070fa00000, 0x000000070fc00000|  0%| F|  |TAMS 0x000000070fa00000, 0x000000070fa00000| Untracked 
|  83|0x000000070fc00000, 0x000000070fc00000, 0x000000070fe00000|  0%| F|  |TAMS 0x000000070fc00000, 0x000000070fc00000| Untracked 
|  84|0x000000070fe00000, 0x000000070fe00000, 0x0000000710000000|  0%| F|  |TAMS 0x000000070fe00000, 0x000000070fe00000| Untracked 
|  85|0x0000000710000000, 0x0000000710000000, 0x0000000710200000|  0%| F|  |TAMS 0x0000000710000000, 0x0000000710000000| Untracked 
|  86|0x0000000710200000, 0x0000000710200000, 0x0000000710400000|  0%| F|  |TAMS 0x0000000710200000, 0x0000000710200000| Untracked 
|  87|0x0000000710400000, 0x0000000710400000, 0x0000000710600000|  0%| F|  |TAMS 0x0000000710400000, 0x0000000710400000| Untracked 
|  88|0x0000000710600000, 0x0000000710600000, 0x0000000710800000|  0%| F|  |TAMS 0x0000000710600000, 0x0000000710600000| Untracked 
|  89|0x0000000710800000, 0x0000000710800000, 0x0000000710a00000|  0%| F|  |TAMS 0x0000000710800000, 0x0000000710800000| Untracked 
|  90|0x0000000710a00000, 0x0000000710a00000, 0x0000000710c00000|  0%| F|  |TAMS 0x0000000710a00000, 0x0000000710a00000| Untracked 
|  91|0x0000000710c00000, 0x0000000710c00000, 0x0000000710e00000|  0%| F|  |TAMS 0x0000000710c00000, 0x0000000710c00000| Untracked 
|  92|0x0000000710e00000, 0x0000000710e00000, 0x0000000711000000|  0%| F|  |TAMS 0x0000000710e00000, 0x0000000710e00000| Untracked 
|  93|0x0000000711000000, 0x0000000711000000, 0x0000000711200000|  0%| F|  |TAMS 0x0000000711000000, 0x0000000711000000| Untracked 
|  94|0x0000000711200000, 0x0000000711200000, 0x0000000711400000|  0%| F|  |TAMS 0x0000000711200000, 0x0000000711200000| Untracked 
|  95|0x0000000711400000, 0x0000000711400000, 0x0000000711600000|  0%| F|  |TAMS 0x0000000711400000, 0x0000000711400000| Untracked 
|  96|0x0000000711600000, 0x0000000711600000, 0x0000000711800000|  0%| F|  |TAMS 0x0000000711600000, 0x0000000711600000| Untracked 
|  97|0x0000000711800000, 0x0000000711800000, 0x0000000711a00000|  0%| F|  |TAMS 0x0000000711800000, 0x0000000711800000| Untracked 
|  98|0x0000000711a00000, 0x0000000711a00000, 0x0000000711c00000|  0%| F|  |TAMS 0x0000000711a00000, 0x0000000711a00000| Untracked 
|  99|0x0000000711c00000, 0x0000000711c00000, 0x0000000711e00000|  0%| F|  |TAMS 0x0000000711c00000, 0x0000000711c00000| Untracked 
| 100|0x0000000711e00000, 0x0000000711e00000, 0x0000000712000000|  0%| F|  |TAMS 0x0000000711e00000, 0x0000000711e00000| Untracked 
| 101|0x0000000712000000, 0x0000000712000000, 0x0000000712200000|  0%| F|  |TAMS 0x0000000712000000, 0x0000000712000000| Untracked 
| 102|0x0000000712200000, 0x0000000712200000, 0x0000000712400000|  0%| F|  |TAMS 0x0000000712200000, 0x0000000712200000| Untracked 
| 103|0x0000000712400000, 0x0000000712400000, 0x0000000712600000|  0%| F|  |TAMS 0x0000000712400000, 0x0000000712400000| Untracked 
| 104|0x0000000712600000, 0x0000000712600000, 0x0000000712800000|  0%| F|  |TAMS 0x0000000712600000, 0x0000000712600000| Untracked 
| 105|0x0000000712800000, 0x0000000712800000, 0x0000000712a00000|  0%| F|  |TAMS 0x0000000712800000, 0x0000000712800000| Untracked 
| 106|0x0000000712a00000, 0x0000000712a00000, 0x0000000712c00000|  0%| F|  |TAMS 0x0000000712a00000, 0x0000000712a00000| Untracked 
| 107|0x0000000712c00000, 0x0000000712c00000, 0x0000000712e00000|  0%| F|  |TAMS 0x0000000712c00000, 0x0000000712c00000| Untracked 
| 108|0x0000000712e00000, 0x0000000712e00000, 0x0000000713000000|  0%| F|  |TAMS 0x0000000712e00000, 0x0000000712e00000| Untracked 
| 109|0x0000000713000000, 0x0000000713000000, 0x0000000713200000|  0%| F|  |TAMS 0x0000000713000000, 0x0000000713000000| Untracked 
| 110|0x0000000713200000, 0x0000000713200000, 0x0000000713400000|  0%| F|  |TAMS 0x0000000713200000, 0x0000000713200000| Untracked 
| 111|0x0000000713400000, 0x0000000713400000, 0x0000000713600000|  0%| F|  |TAMS 0x0000000713400000, 0x0000000713400000| Untracked 
| 112|0x0000000713600000, 0x0000000713600000, 0x0000000713800000|  0%| F|  |TAMS 0x0000000713600000, 0x0000000713600000| Untracked 
| 113|0x0000000713800000, 0x0000000713800000, 0x0000000713a00000|  0%| F|  |TAMS 0x0000000713800000, 0x0000000713800000| Untracked 
| 114|0x0000000713a00000, 0x0000000713a00000, 0x0000000713c00000|  0%| F|  |TAMS 0x0000000713a00000, 0x0000000713a00000| Untracked 
| 115|0x0000000713c00000, 0x0000000713c00000, 0x0000000713e00000|  0%| F|  |TAMS 0x0000000713c00000, 0x0000000713c00000| Untracked 
| 116|0x0000000713e00000, 0x0000000713e00000, 0x0000000714000000|  0%| F|  |TAMS 0x0000000713e00000, 0x0000000713e00000| Untracked 
| 117|0x0000000714000000, 0x00000007141cc280, 0x0000000714200000| 89%| S|CS|TAMS 0x0000000714000000, 0x0000000714000000| Complete 
| 118|0x0000000714200000, 0x0000000714200000, 0x0000000714400000|  0%| F|  |TAMS 0x0000000714200000, 0x0000000714200000| Untracked 
| 119|0x0000000714400000, 0x0000000714400000, 0x0000000714600000|  0%| F|  |TAMS 0x0000000714400000, 0x0000000714400000| Untracked 
| 120|0x0000000714600000, 0x0000000714600000, 0x0000000714800000|  0%| F|  |TAMS 0x0000000714600000, 0x0000000714600000| Untracked 
| 121|0x0000000714800000, 0x00000007148dbcc0, 0x0000000714a00000| 42%| E|  |TAMS 0x0000000714800000, 0x0000000714800000| Complete 
| 122|0x0000000714a00000, 0x0000000714c00000, 0x0000000714c00000|100%| E|CS|TAMS 0x0000000714a00000, 0x0000000714a00000| Complete 
| 123|0x0000000714c00000, 0x0000000714e00000, 0x0000000714e00000|100%| E|CS|TAMS 0x0000000714c00000, 0x0000000714c00000| Complete 
| 124|0x0000000714e00000, 0x0000000715000000, 0x0000000715000000|100%| E|CS|TAMS 0x0000000714e00000, 0x0000000714e00000| Complete 
| 125|0x0000000715000000, 0x0000000715200000, 0x0000000715200000|100%| E|CS|TAMS 0x0000000715000000, 0x0000000715000000| Complete 

Card table byte_map: [0x000002de7e4a0000,0x000002de7ec80000] _byte_map_base: 0x000002de7ac75000

Marking Bits (Prev, Next): (CMBitMap*) 0x000002de7d92fca0, (CMBitMap*) 0x000002de7d92fce0
 Prev Bits: [0x000002de125e0000, 0x000002de16488000)
 Next Bits: [0x000002de16490000, 0x000002de1a338000)

Polling page: 0x000002de7b810000

Metaspace:

Usage:
  Non-class:     18.59 MB used.
      Class:      2.21 MB used.
       Both:     20.79 MB used.

Virtual space:
  Non-class space:       24.00 MB reserved,      18.69 MB ( 78%) committed,  3 nodes.
      Class space:        1.00 GB reserved,       2.31 MB ( <1%) committed,  1 nodes.
             Both:        1.02 GB reserved,      21.00 MB (  2%) committed. 

Chunk freelists:
   Non-Class:  400.00 KB
       Class:  1.53 MB
        Both:  1.92 MB

MaxMetaspaceSize: unlimited
CompressedClassSpaceSize: 1.00 GB
Initial GC threshold: 21.00 MB
Current GC threshold: 21.00 MB
CDS: off
MetaspaceReclaimPolicy: balanced
 - commit_granule_bytes: 65536.
 - commit_granule_words: 8192.
 - virtual_space_node_default_size: 1048576.
 - enlarge_chunks_in_place: 1.
 - new_chunks_are_fully_committed: 0.
 - uncommit_free_chunks: 1.
 - use_allocation_guard: 0.
 - handle_deallocations: 1.


Internal statistics:

num_allocs_failed_limit: 0.
num_arena_births: 168.
num_arena_deaths: 0.
num_vsnodes_births: 4.
num_vsnodes_deaths: 0.
num_space_committed: 336.
num_space_uncommitted: 0.
num_chunks_returned_to_freelist: 0.
num_chunks_taken_from_freelist: 481.
num_chunk_merges: 0.
num_chunk_splits: 305.
num_chunks_enlarged: 218.
num_purges: 0.
num_inconsistent_stats: 0.

CodeHeap 'non-profiled nmethods': size=120000Kb used=769Kb max_used=769Kb free=119230Kb
 bounds [0x000002de0b0b0000, 0x000002de0b320000, 0x000002de125e0000]
CodeHeap 'profiled nmethods': size=120000Kb used=3273Kb max_used=3273Kb free=116726Kb
 bounds [0x000002de03b80000, 0x000002de03ec0000, 0x000002de0b0b0000]
CodeHeap 'non-nmethods': size=5760Kb used=1213Kb max_used=1251Kb free=4546Kb
 bounds [0x000002de035e0000, 0x000002de03850000, 0x000002de03b80000]
 total_blobs=2211 nmethods=1707 adapters=417
 compilation: enabled
              stopped_count=0, restarted_count=0
 full_count=0

Compilation events (20 events):
Event: 1.118 Thread 0x000002de1cc8acd0 nmethod 1692 0x000002de03eab190 code [0x000002de03eab3c0, 0x000002de03eabe58]
Event: 1.119 Thread 0x000002de1cc8acd0 1693       3       java.util.Collections$UnmodifiableCollection$1::hasNext (10 bytes)
Event: 1.119 Thread 0x000002de1cc8acd0 nmethod 1693 0x000002de03eac390 code [0x000002de03eac540, 0x000002de03eac728]
Event: 1.120 Thread 0x000002de1cffea70 1694       4       jdk.internal.access.SharedSecrets::getJavaLangAccess (4 bytes)
Event: 1.120 Thread 0x000002de1cffea70 nmethod 1694 0x000002de0b161f90 code [0x000002de0b162100, 0x000002de0b162178]
Event: 1.121 Thread 0x000002de1cc8acd0 1695       3       java.util.Collections$EmptyList::iterator (4 bytes)
Event: 1.122 Thread 0x000002de1cc8acd0 nmethod 1695 0x000002de03eac810 code [0x000002de03eac9a0, 0x000002de03eacb18]
Event: 1.122 Thread 0x000002de1cc8acd0 1697       1       java.util.concurrent.locks.AbstractOwnableSynchronizer::getExclusiveOwnerThread (5 bytes)
Event: 1.122 Thread 0x000002de1cc8acd0 nmethod 1697 0x000002de0b162690 code [0x000002de0b162820, 0x000002de0b1628f8]
Event: 1.122 Thread 0x000002de1cc8acd0 1698       1       java.util.concurrent.locks.AbstractQueuedSynchronizer::setState (6 bytes)
Event: 1.122 Thread 0x000002de1cc8acd0 nmethod 1698 0x000002de0b162990 code [0x000002de0b162b20, 0x000002de0b162bf8]
Event: 1.122 Thread 0x000002de1cc8acd0 1699       3       java.util.regex.Pattern::peek (26 bytes)
Event: 1.122 Thread 0x000002de1cc8acd0 nmethod 1699 0x000002de03eacc10 code [0x000002de03eacdc0, 0x000002de03ead028]
Event: 1.123 Thread 0x000002de1cc8acd0 1700       3       java.util.Properties::loadConvert (540 bytes)
Event: 1.124 Thread 0x000002de1cc8acd0 nmethod 1700 0x000002de03ead190 code [0x000002de03ead480, 0x000002de03eae8b8]
Event: 1.130 Thread 0x000002de1cc8acd0 1702       3       java.lang.invoke.DirectMethodHandle::preparedLambdaForm (244 bytes)
Event: 1.132 Thread 0x000002de1cc8acd0 nmethod 1702 0x000002de03eaef10 code [0x000002de03eaf200, 0x000002de03eb01b8]
Event: 1.132 Thread 0x000002de1cc8acd0 1705       3       java.lang.StringBuilder::append (8 bytes)
Event: 1.133 Thread 0x000002de1cc8acd0 nmethod 1705 0x000002de03eb0790 code [0x000002de03eb0920, 0x000002de03eb0a68]
Event: 1.147 Thread 0x000002de1dd35940 nmethod 1505 0x000002de0b163890 code [0x000002de0b1647e0, 0x000002de0b16bcb8]

GC Heap History (4 events):
Event: 0.639 GC heap before
{Heap before GC invocations=0 (full 0):
 garbage-first heap   total 258048K, used 20480K [0x0000000705600000, 0x0000000800000000)
  region size 2048K, 11 young (22528K), 0 survivors (0K)
 Metaspace       used 13316K, committed 13504K, reserved 1064960K
  class space    used 1298K, committed 1408K, reserved 1048576K
}
Event: 0.643 GC heap after
{Heap after GC invocations=1 (full 0):
 garbage-first heap   total 258048K, used 10106K [0x0000000705600000, 0x0000000800000000)
  region size 2048K, 2 young (4096K), 2 survivors (4096K)
 Metaspace       used 13316K, committed 13504K, reserved 1064960K
  class space    used 1298K, committed 1408K, reserved 1048576K
}
Event: 0.959 GC heap before
{Heap before GC invocations=1 (full 0):
 garbage-first heap   total 258048K, used 24442K [0x0000000705600000, 0x0000000800000000)
  region size 2048K, 10 young (20480K), 2 survivors (4096K)
 Metaspace       used 18451K, committed 18688K, reserved 1073152K
  class space    used 1913K, committed 1984K, reserved 1048576K
}
Event: 0.962 GC heap after
{Heap after GC invocations=2 (full 0):
 garbage-first heap   total 258048K, used 11736K [0x0000000705600000, 0x0000000800000000)
  region size 2048K, 1 young (2048K), 1 survivors (2048K)
 Metaspace       used 18451K, committed 18688K, reserved 1073152K
  class space    used 1913K, committed 1984K, reserved 1048576K
}

Deoptimization events (20 events):
Event: 1.081 Thread 0x000002de7d8c4470 Uncommon trap: trap_request=0xffffffde fr.pc=0x000002de0b140620 relative=0x00000000000007a0
Event: 1.081 Thread 0x000002de7d8c4470 Uncommon trap: reason=class_check action=maybe_recompile pc=0x000002de0b140620 method=java.util.HashMap.putVal(ILjava/lang/Object;Ljava/lang/Object;ZZ)Ljava/lang/Object; @ 91 c2
Event: 1.081 Thread 0x000002de7d8c4470 DEOPT PACKING pc=0x000002de0b140620 sp=0x000000fb1b3fe8b0
Event: 1.081 Thread 0x000002de7d8c4470 DEOPT UNPACKING pc=0x000002de03635c23 sp=0x000000fb1b3fe7d0 mode 2
Event: 1.081 Thread 0x000002de7d8c4470 Uncommon trap: trap_request=0xffffffde fr.pc=0x000002de0b140620 relative=0x00000000000007a0
Event: 1.081 Thread 0x000002de7d8c4470 Uncommon trap: reason=class_check action=maybe_recompile pc=0x000002de0b140620 method=java.util.HashMap.putVal(ILjava/lang/Object;Ljava/lang/Object;ZZ)Ljava/lang/Object; @ 91 c2
Event: 1.081 Thread 0x000002de7d8c4470 DEOPT PACKING pc=0x000002de0b140620 sp=0x000000fb1b3fe8a0
Event: 1.081 Thread 0x000002de7d8c4470 DEOPT UNPACKING pc=0x000002de03635c23 sp=0x000000fb1b3fe7c0 mode 2
Event: 1.081 Thread 0x000002de7d8c4470 Uncommon trap: trap_request=0xffffffde fr.pc=0x000002de0b140620 relative=0x00000000000007a0
Event: 1.081 Thread 0x000002de7d8c4470 Uncommon trap: reason=class_check action=maybe_recompile pc=0x000002de0b140620 method=java.util.HashMap.putVal(ILjava/lang/Object;Ljava/lang/Object;ZZ)Ljava/lang/Object; @ 91 c2
Event: 1.081 Thread 0x000002de7d8c4470 DEOPT PACKING pc=0x000002de0b140620 sp=0x000000fb1b3fe8a0
Event: 1.081 Thread 0x000002de7d8c4470 DEOPT UNPACKING pc=0x000002de03635c23 sp=0x000000fb1b3fe7c0 mode 2
Event: 1.081 Thread 0x000002de7d8c4470 Uncommon trap: trap_request=0xffffffde fr.pc=0x000002de0b12d95c relative=0x000000000000075c
Event: 1.081 Thread 0x000002de7d8c4470 Uncommon trap: reason=class_check action=maybe_recompile pc=0x000002de0b12d95c method=java.util.HashMap.putVal(ILjava/lang/Object;Ljava/lang/Object;ZZ)Ljava/lang/Object; @ 91 c2
Event: 1.081 Thread 0x000002de7d8c4470 DEOPT PACKING pc=0x000002de0b12d95c sp=0x000000fb1b3fe800
Event: 1.081 Thread 0x000002de7d8c4470 DEOPT UNPACKING pc=0x000002de03635c23 sp=0x000000fb1b3fe7c0 mode 2
Event: 1.124 Thread 0x000002de7d8c4470 Uncommon trap: trap_request=0xffffff45 fr.pc=0x000002de0b0fde5c relative=0x000000000000069c
Event: 1.124 Thread 0x000002de7d8c4470 Uncommon trap: reason=unstable_if action=reinterpret pc=0x000002de0b0fde5c method=java.lang.AbstractStringBuilder.append(Ljava/lang/String;)Ljava/lang/AbstractStringBuilder; @ 1 c2
Event: 1.124 Thread 0x000002de7d8c4470 DEOPT PACKING pc=0x000002de0b0fde5c sp=0x000000fb1b3fee60
Event: 1.124 Thread 0x000002de7d8c4470 DEOPT UNPACKING pc=0x000002de03635c23 sp=0x000000fb1b3fede0 mode 2

Classes unloaded (0 events):
No events

Classes redefined (0 events):
No events

Internal exceptions (20 events):
Event: 0.853 Thread 0x000002de7d8c4470 Exception <a 'java/lang/NoSuchMethodError'{0x0000000714422040}: 'java.lang.Object java.lang.invoke.Invokers$Holder.invokeExact_MT(java.lang.Object, java.lang.Object, java.lang.Object, java.lang.Object, java.lang.Object, java.lang.Object)'> (0x0000000714422040) 
thrown [e:\jenkins\tmp\workspace\build\src\src\hotspot\share\interpreter\linkResolver.cpp, line 766]
Event: 0.860 Thread 0x000002de7d8c4470 Exception <a 'java/lang/NoSuchMethodError'{0x0000000714485708}: 'java.lang.Object java.lang.invoke.DirectMethodHandle$Holder.invokeStatic(java.lang.Object, long, java.lang.Object, java.lang.Object)'> (0x0000000714485708) 
thrown [e:\jenkins\tmp\workspace\build\src\src\hotspot\share\interpreter\linkResolver.cpp, line 766]
Event: 0.861 Thread 0x000002de7d8c4470 Exception <a 'java/lang/NoSuchMethodError'{0x000000071448cc40}: 'java.lang.Object java.lang.invoke.DirectMethodHandle$Holder.newInvokeSpecial(java.lang.Object, long, java.lang.Object, java.lang.Object)'> (0x000000071448cc40) 
thrown [e:\jenkins\tmp\workspace\build\src\src\hotspot\share\interpreter\linkResolver.cpp, line 766]
Event: 0.861 Thread 0x000002de7d8c4470 Exception <a 'java/lang/NoSuchMethodError'{0x0000000714490d58}: 'java.lang.Object java.lang.invoke.DirectMethodHandle$Holder.invokeSpecial(java.lang.Object, java.lang.Object, long, java.lang.Object, java.lang.Object)'> (0x0000000714490d58) 
thrown [e:\jenkins\tmp\workspace\build\src\src\hotspot\share\interpreter\linkResolver.cpp, line 766]
Event: 0.871 Thread 0x000002de7d8c4470 Exception <a 'java/lang/NoSuchMethodError'{0x000000071451b438}: 'java.lang.Object java.lang.invoke.DirectMethodHandle$Holder.newInvokeSpecial(java.lang.Object, java.lang.Object, java.lang.Object, java.lang.Object, java.lang.Object)'> (0x000000071451b438) 
thrown [e:\jenkins\tmp\workspace\build\src\src\hotspot\share\interpreter\linkResolver.cpp, line 766]
Event: 0.945 Thread 0x000002de7d8c4470 Exception <a 'java/lang/NoSuchMethodError'{0x00000007143b27b0}: 'int java.lang.invoke.DirectMethodHandle$Holder.invokeInterface(java.lang.Object, java.lang.Object)'> (0x00000007143b27b0) 
thrown [e:\jenkins\tmp\workspace\build\src\src\hotspot\share\interpreter\linkResolver.cpp, line 766]
Event: 0.945 Thread 0x000002de7d8c4470 Exception <a 'java/lang/IncompatibleClassChangeError'{0x00000007143b5d40}: Found class java.lang.Object, but interface was expected> (0x00000007143b5d40) 
thrown [e:\jenkins\tmp\workspace\build\src\src\hotspot\share\interpreter\linkResolver.cpp, line 833]
Event: 0.994 Thread 0x000002de7d8c4470 Exception <a 'java/lang/NoSuchMethodError'{0x0000000715136300}: 'void java.lang.invoke.DirectMethodHandle$Holder.invokeStatic(java.lang.Object, java.lang.Object, java.lang.Object)'> (0x0000000715136300) 
thrown [e:\jenkins\tmp\workspace\build\src\src\hotspot\share\interpreter\linkResolver.cpp, line 766]
Event: 1.055 Thread 0x000002de7d8c4470 Exception <a 'java/lang/NoSuchMethodError'{0x0000000714c658a0}: 'int java.lang.invoke.DirectMethodHandle$Holder.invokeVirtual(java.lang.Object, java.lang.Object)'> (0x0000000714c658a0) 
thrown [e:\jenkins\tmp\workspace\build\src\src\hotspot\share\interpreter\linkResolver.cpp, line 766]
Event: 1.060 Thread 0x000002de7d8c4470 Exception <a 'java/lang/NoSuchMethodError'{0x0000000714cb0530}: 'int java.lang.invoke.DirectMethodHandle$Holder.invokeStaticInit(java.lang.Object, java.lang.Object, java.lang.Object)'> (0x0000000714cb0530) 
thrown [e:\jenkins\tmp\workspace\build\src\src\hotspot\share\interpreter\linkResolver.cpp, line 766]
Event: 1.084 Thread 0x000002de7d8c4470 Exception <a 'java/lang/NoSuchMethodError'{0x0000000714a56190}: 'java.lang.Object java.lang.invoke.DirectMethodHandle$Holder.newInvokeSpecial(java.lang.Object, java.lang.Object, java.lang.Object, java.lang.Object, java.lang.Object, java.lang.Object, java.lang.Object)'> (0x0000000714a56190) 
thrown [e:\jenkins\tmp\workspace\build\src\src\hotspot\share\interpreter\linkResolver.cpp, line 766]
Event: 1.085 Thread 0x000002de7d8c4470 Exception <a 'java/lang/NoSuchMethodError'{0x0000000714a5adf8}: 'java.lang.Object java.lang.invoke.Invokers$Holder.linkToTargetMethod(java.lang.Object, java.lang.Object, java.lang.Object, java.lang.Object, java.lang.Object, java.lang.Object, java.lang.Object)'> (0x0000000714a5adf8) 
thrown [e:\jenkins\tmp\workspace\build\src\src\hotspot\share\interpreter\linkResolver.cpp, line 766]
Event: 1.086 Thread 0x000002de7d8c4470 Exception <a 'java/lang/NoSuchMethodError'{0x0000000714a64c50}: 'void java.lang.invoke.DirectMethodHandle$Holder.invokeStatic(java.lang.Object, java.lang.Object, java.lang.Object, java.lang.Object)'> (0x0000000714a64c50) 
thrown [e:\jenkins\tmp\workspace\build\src\src\hotspot\share\interpreter\linkResolver.cpp, line 766]
Event: 1.124 Thread 0x000002de7d8c4470 Implicit null exception at 0x000002de0b0fd7f2 to 0x000002de0b0fde44
Event: 1.129 Thread 0x000002de7d8c4470 Exception <a 'java/lang/NoSuchMethodError'{0x0000000714bd34c8}: 'void java.lang.invoke.DirectMethodHandle$Holder.invokeStatic(java.lang.Object, long)'> (0x0000000714bd34c8) 
thrown [e:\jenkins\tmp\workspace\build\src\src\hotspot\share\interpreter\linkResolver.cpp, line 766]
Event: 1.130 Thread 0x000002de7d8c4470 Exception <a 'java/lang/NoSuchMethodError'{0x0000000714bd8b18}: 'java.lang.Object java.lang.invoke.DirectMethodHandle$Holder.newInvokeSpecial(java.lang.Object, long)'> (0x0000000714bd8b18) 
thrown [e:\jenkins\tmp\workspace\build\src\src\hotspot\share\interpreter\linkResolver.cpp, line 766]
Event: 1.132 Thread 0x000002de7d8c4470 Exception <a 'java/lang/NoSuchMethodError'{0x0000000714bdf6b8}: 'java.lang.Object java.lang.invoke.DirectMethodHandle$Holder.invokeStatic(java.lang.Object, java.lang.Object, long, java.lang.Object)'> (0x0000000714bdf6b8) 
thrown [e:\jenkins\tmp\workspace\build\src\src\hotspot\share\interpreter\linkResolver.cpp, line 766]
Event: 1.132 Thread 0x000002de7d8c4470 Exception <a 'java/lang/NoSuchMethodError'{0x0000000714be3150}: 'java.lang.Object java.lang.invoke.DirectMethodHandle$Holder.invokeStaticInit(java.lang.Object, java.lang.Object, long, java.lang.Object)'> (0x0000000714be3150) 
thrown [e:\jenkins\tmp\workspace\build\src\src\hotspot\share\interpreter\linkResolver.cpp, line 766]
Event: 1.133 Thread 0x000002de7d8c4470 Exception <a 'java/lang/NoSuchMethodError'{0x0000000714be9760}: 'java.lang.Object java.lang.invoke.DirectMethodHandle$Holder.newInvokeSpecial(java.lang.Object, java.lang.Object, long)'> (0x0000000714be9760) 
thrown [e:\jenkins\tmp\workspace\build\src\src\hotspot\share\interpreter\linkResolver.cpp, line 766]
Event: 1.133 Thread 0x000002de7d8c4470 Exception <a 'java/lang/NoSuchMethodError'{0x0000000714bed2d0}: 'java.lang.Object java.lang.invoke.Invokers$Holder.linkToTargetMethod(java.lang.Object, long, java.lang.Object)'> (0x0000000714bed2d0) 
thrown [e:\jenkins\tmp\workspace\build\src\src\hotspot\share\interpreter\linkResolver.cpp, line 766]

VM Operations (20 events):
Event: 0.396 Executing VM operation: HandshakeAllThreads
Event: 0.396 Executing VM operation: HandshakeAllThreads done
Event: 0.474 Executing VM operation: HandshakeAllThreads
Event: 0.475 Executing VM operation: HandshakeAllThreads done
Event: 0.531 Executing VM operation: HandshakeAllThreads
Event: 0.532 Executing VM operation: HandshakeAllThreads done
Event: 0.557 Executing VM operation: HandshakeAllThreads
Event: 0.557 Executing VM operation: HandshakeAllThreads done
Event: 0.639 Executing VM operation: G1CollectForAllocation
Event: 0.643 Executing VM operation: G1CollectForAllocation done
Event: 0.747 Executing VM operation: HandshakeAllThreads
Event: 0.747 Executing VM operation: HandshakeAllThreads done
Event: 0.860 Executing VM operation: HandshakeAllThreads
Event: 0.860 Executing VM operation: HandshakeAllThreads done
Event: 0.930 Executing VM operation: HandshakeAllThreads
Event: 0.930 Executing VM operation: HandshakeAllThreads done
Event: 0.949 Executing VM operation: HandshakeAllThreads
Event: 0.949 Executing VM operation: HandshakeAllThreads done
Event: 0.959 Executing VM operation: G1CollectForAllocation
Event: 0.962 Executing VM operation: G1CollectForAllocation done

Events (20 events):
Event: 1.131 loading class java/lang/ProcessHandle done
Event: 1.131 loading class java/lang/ProcessHandleImpl done
Event: 1.133 loading class java/util/concurrent/SynchronousQueue
Event: 1.134 loading class java/util/concurrent/SynchronousQueue done
Event: 1.134 loading class java/util/concurrent/SynchronousQueue$TransferStack
Event: 1.134 loading class java/util/concurrent/SynchronousQueue$Transferer
Event: 1.134 loading class java/util/concurrent/SynchronousQueue$Transferer done
Event: 1.134 loading class java/util/concurrent/SynchronousQueue$TransferStack done
Event: 1.134 loading class java/util/concurrent/SynchronousQueue$TransferStack$SNode
Event: 1.134 loading class java/util/concurrent/ForkJoinPool$ManagedBlocker
Event: 1.134 loading class java/util/concurrent/ForkJoinPool$ManagedBlocker done
Event: 1.134 loading class java/util/concurrent/SynchronousQueue$TransferStack$SNode done
Event: 1.134 loading class java/lang/ProcessImpl$2
Event: 1.134 loading class java/lang/ProcessImpl$2 done
Event: 1.134 loading class java/lang/Process$PipeInputStream
Event: 1.134 loading class java/lang/Process$PipeInputStream done
Event: 1.134 loading class jdk/internal/event/ProcessStartEvent
Event: 1.134 loading class jdk/internal/event/Event
Event: 1.135 loading class jdk/internal/event/Event done
Event: 1.135 loading class jdk/internal/event/ProcessStartEvent done


Dynamic libraries:
0x00007ff660ab0000 - 0x00007ff660abe000 	C:\eclipse\plugins\org.eclipse.justj.openjdk.hotspot.jre.full.win32.x86_64_17.0.3.v20220515-1416\jre\bin\javaw.exe
0x00007ffd188f0000 - 0x00007ffd18ae8000 	C:\Windows\SYSTEM32\ntdll.dll
0x00007ffd17fe0000 - 0x00007ffd1809f000 	C:\Windows\System32\KERNEL32.DLL
0x00007ffd16660000 - 0x00007ffd16932000 	C:\Windows\System32\KERNELBASE.dll
0x00007ffd16090000 - 0x00007ffd16190000 	C:\Windows\System32\ucrtbase.dll
0x00007ffcffd90000 - 0x00007ffcffda8000 	C:\eclipse\plugins\org.eclipse.justj.openjdk.hotspot.jre.full.win32.x86_64_17.0.3.v20220515-1416\jre\bin\jli.dll
0x00007ffd182b0000 - 0x00007ffd1844d000 	C:\Windows\System32\USER32.dll
0x00007ffd16190000 - 0x00007ffd161b2000 	C:\Windows\System32\win32u.dll
0x00007ffd180a0000 - 0x00007ffd180cb000 	C:\Windows\System32\GDI32.dll
0x00007ffd161c0000 - 0x00007ffd162cf000 	C:\Windows\System32\gdi32full.dll
0x00007ffd162d0000 - 0x00007ffd1636d000 	C:\Windows\System32\msvcp_win.dll
0x00007ffd002a0000 - 0x00007ffd002b9000 	C:\eclipse\plugins\org.eclipse.justj.openjdk.hotspot.jre.full.win32.x86_64_17.0.3.v20220515-1416\jre\bin\VCRUNTIME140.dll
0x00007ffcfebc0000 - 0x00007ffcfee5a000 	C:\Windows\WinSxS\amd64_microsoft.windows.common-controls_6595b64144ccf1df_6.0.19041.1110_none_60b5254171f9507e\COMCTL32.dll
0x00007ffd17da0000 - 0x00007ffd17e3e000 	C:\Windows\System32\msvcrt.dll
0x00007ffd17c20000 - 0x00007ffd17c52000 	C:\Windows\System32\IMM32.DLL
0x00007ffd01840000 - 0x00007ffd0184c000 	C:\eclipse\plugins\org.eclipse.justj.openjdk.hotspot.jre.full.win32.x86_64_17.0.3.v20220515-1416\jre\bin\vcruntime140_1.dll
0x00007ffcd8110000 - 0x00007ffcd81a1000 	C:\eclipse\plugins\org.eclipse.justj.openjdk.hotspot.jre.full.win32.x86_64_17.0.3.v20220515-1416\jre\bin\msvcp140.dll
0x00007ffcafae0000 - 0x00007ffcb0728000 	C:\eclipse\plugins\org.eclipse.justj.openjdk.hotspot.jre.full.win32.x86_64_17.0.3.v20220515-1416\jre\bin\server\jvm.dll
0x00007ffd18200000 - 0x00007ffd182ae000 	C:\Windows\System32\ADVAPI32.dll
0x00007ffd180d0000 - 0x00007ffd1816c000 	C:\Windows\System32\sechost.dll
0x00007ffd17990000 - 0x00007ffd17ab5000 	C:\Windows\System32\RPCRT4.dll
0x00007ffd17c60000 - 0x00007ffd17c68000 	C:\Windows\System32\PSAPI.DLL
0x00007ffd0e5c0000 - 0x00007ffd0e5c9000 	C:\Windows\SYSTEM32\WSOCK32.dll
0x00007ffd17450000 - 0x00007ffd174bb000 	C:\Windows\System32\WS2_32.dll
0x00007ffcf23f0000 - 0x00007ffcf2417000 	C:\Windows\SYSTEM32\WINMM.dll
0x00007ffd0e250000 - 0x00007ffd0e25a000 	C:\Windows\SYSTEM32\VERSION.dll
0x00007ffd14800000 - 0x00007ffd14812000 	C:\Windows\SYSTEM32\kernel.appcore.dll
0x00007ffd0e5b0000 - 0x00007ffd0e5ba000 	C:\eclipse\plugins\org.eclipse.justj.openjdk.hotspot.jre.full.win32.x86_64_17.0.3.v20220515-1416\jre\bin\jimage.dll
0x00007ffd13e50000 - 0x00007ffd14034000 	C:\Windows\SYSTEM32\DBGHELP.DLL
0x00007ffcfaea0000 - 0x00007ffcfaecc000 	C:\Windows\SYSTEM32\dbgcore.DLL
0x00007ffd16420000 - 0x00007ffd164a2000 	C:\Windows\System32\bcryptPrimitives.dll
0x00007ffd00b20000 - 0x00007ffd00b45000 	C:\eclipse\plugins\org.eclipse.justj.openjdk.hotspot.jre.full.win32.x86_64_17.0.3.v20220515-1416\jre\bin\java.dll
0x00007ffd01a60000 - 0x00007ffd01a78000 	C:\eclipse\plugins\org.eclipse.justj.openjdk.hotspot.jre.full.win32.x86_64_17.0.3.v20220515-1416\jre\bin\zip.dll
0x00007ffd16b50000 - 0x00007ffd17293000 	C:\Windows\System32\SHELL32.dll
0x00007ffd14050000 - 0x00007ffd147e2000 	C:\Windows\SYSTEM32\windows.storage.dll
0x00007ffd18450000 - 0x00007ffd187a4000 	C:\Windows\System32\combase.dll
0x00007ffd15890000 - 0x00007ffd158c0000 	C:\Windows\SYSTEM32\Wldp.dll
0x00007ffd17b70000 - 0x00007ffd17c1d000 	C:\Windows\System32\SHCORE.dll
0x00007ffd174c0000 - 0x00007ffd17515000 	C:\Windows\System32\shlwapi.dll
0x00007ffd15f30000 - 0x00007ffd15f4f000 	C:\Windows\SYSTEM32\profapi.dll
0x00007ffd01880000 - 0x00007ffd01899000 	C:\eclipse\plugins\org.eclipse.justj.openjdk.hotspot.jre.full.win32.x86_64_17.0.3.v20220515-1416\jre\bin\net.dll
0x00007ffd107d0000 - 0x00007ffd108dc000 	C:\Windows\SYSTEM32\WINHTTP.dll
0x00007ffd15670000 - 0x00007ffd156da000 	C:\Windows\system32\mswsock.dll
0x00007ffd00560000 - 0x00007ffd00575000 	C:\eclipse\plugins\org.eclipse.justj.openjdk.hotspot.jre.full.win32.x86_64_17.0.3.v20220515-1416\jre\bin\nio.dll
0x00007ffd153c0000 - 0x00007ffd1548a000 	C:\Windows\SYSTEM32\DNSAPI.dll
0x00007ffd15380000 - 0x00007ffd153bb000 	C:\Windows\SYSTEM32\IPHLPAPI.DLL
0x00007ffd16b40000 - 0x00007ffd16b48000 	C:\Windows\System32\NSI.dll
0x00007ffd0e280000 - 0x00007ffd0e28a000 	C:\Windows\System32\rasadhlp.dll
0x00007ffd0d8b0000 - 0x00007ffd0d930000 	C:\Windows\System32\fwpuclnt.dll
0x00007ffd15ff0000 - 0x00007ffd16017000 	C:\Windows\System32\bcrypt.dll
0x00007ffd15940000 - 0x00007ffd15958000 	C:\Windows\SYSTEM32\CRYPTSP.dll
0x00007ffd14fb0000 - 0x00007ffd14fe4000 	C:\Windows\system32\rsaenh.dll
0x00007ffd15ef0000 - 0x00007ffd15f1e000 	C:\Windows\SYSTEM32\USERENV.dll
0x00007ffd15800000 - 0x00007ffd1580c000 	C:\Windows\SYSTEM32\CRYPTBASE.dll
0x00007ffd0e260000 - 0x00007ffd0e277000 	C:\Windows\SYSTEM32\dhcpcsvc6.DLL
0x00007ffd0e290000 - 0x00007ffd0e2ad000 	C:\Windows\SYSTEM32\dhcpcsvc.DLL
0x00007ffd021f0000 - 0x00007ffd021f9000 	C:\eclipse\plugins\org.eclipse.justj.openjdk.hotspot.jre.full.win32.x86_64_17.0.3.v20220515-1416\jre\bin\management.dll
0x00007ffd019c0000 - 0x00007ffd019cb000 	C:\eclipse\plugins\org.eclipse.justj.openjdk.hotspot.jre.full.win32.x86_64_17.0.3.v20220515-1416\jre\bin\management_ext.dll
0x00007ffcee760000 - 0x00007ffcee777000 	C:\Windows\system32\napinsp.dll
0x00007ffcee740000 - 0x00007ffcee75b000 	C:\Windows\system32\pnrpnsp.dll
0x00007ffd107a0000 - 0x00007ffd107b5000 	C:\Windows\system32\wshbth.dll
0x00007ffd11380000 - 0x00007ffd1139d000 	C:\Windows\system32\NLAapi.dll
0x00007ffcee720000 - 0x00007ffcee732000 	C:\Windows\System32\winrnr.dll

dbghelp: loaded successfully - version: 4.0.5 - missing functions: none
symbol engine: initialized successfully - sym options: 0x614 - pdb path: .;C:\eclipse\plugins\org.eclipse.justj.openjdk.hotspot.jre.full.win32.x86_64_17.0.3.v20220515-1416\jre\bin;C:\Windows\SYSTEM32;C:\Windows\WinSxS\amd64_microsoft.windows.common-controls_6595b64144ccf1df_6.0.19041.1110_none_60b5254171f9507e;C:\eclipse\plugins\org.eclipse.justj.openjdk.hotspot.jre.full.win32.x86_64_17.0.3.v20220515-1416\jre\bin\server

VM Arguments:
jvm_args: -ea -Dfile.encoding=UTF-8 -XX:+ShowCodeDetailsInExceptionMessages 
java_command: org.testng.remote.RemoteTestNG -serport 63739 -protocol json -d C:\IGS_RingPay_Client\RingPay_Kissht_Master\RingPay-Kissht_Maintained_Script-\test-output C:\IGS_RingPay_Client\RingPay_Kissht_Master\RingPay-Kissht_Maintained_Script-\ringPay.xml
java_class_path (initial): C:\eclipse\configuration\org.eclipse.osgi\892\0\.cp\lib\testng-remote.jar;C:\IGS_RingPay_Client\RingPay_Kissht_Master\RingPay-Kissht_Maintained_Script-\target\test-classes;C:\IGS_RingPay_Client\RingPay_Kissht_Master\RingPay-Kissht_Maintained_Script-\target\classes;C:\Users\Shakir\.m2\repository\io\appium\java-client\7.2.0\java-client-7.2.0.jar;C:\Users\Shakir\.m2\repository\org\seleniumhq\selenium\selenium-support\3.141.59\selenium-support-3.141.59.jar;C:\Users\Shakir\.m2\repository\org\seleniumhq\selenium\selenium-api\3.141.59\selenium-api-3.141.59.jar;C:\Users\Shakir\.m2\repository\com\google\code\gson\gson\2.8.5\gson-2.8.5.jar;C:\Users\Shakir\.m2\repository\org\apache\httpcomponents\httpclient\4.5.9\httpclient-4.5.9.jar;C:\Users\Shakir\.m2\repository\cglib\cglib\3.2.12\cglib-3.2.12.jar;C:\Users\Shakir\.m2\repository\org\ow2\asm\asm\7.1\asm-7.1.jar;C:\Users\Shakir\.m2\repository\commons-io\commons-io\2.6\commons-io-2.6.jar;C:\Users\Shakir\.m2\repository\org\springframework\spring-context\5.1.8.RELEASE\spring-context-5.1.8.RELEASE.jar;C:\Users\Shakir\.m2\repository\org\springframework\spring-aop\5.1.8.RELEASE\spring-aop-5.1.8.RELEASE.jar;C:\Users\Shakir\.m2\repository\org\springframework\spring-beans\5.1.8.RELEASE\spring-beans-5.1.8.RELEASE.jar;C:\Users\Shakir\.m2\repository\org\springframework\spring-core\5.1.8.RELEASE\spring-core-5.1.8.RELEASE.jar;C:\Users\Shakir\.m2\repository\org\springframework\spring-jcl\5.1.8.RELEASE\spring-jcl-5.1.8.RELEASE.jar;C:\Users\Shakir\.m2\repository\org\springframework\spring-expression\5.1.8.RELEASE\spring-expression-5.1.8.RELEASE.jar;C:\Users\Shakir\.m2\repository\org\aspectj\aspectjweaver\1.9.4\aspectjweaver-1.9.4.jar;C:\Users\Shakir\.m2\repository\org\slf4j\slf4j-api\1.7.26\slf4j-api-1.7.26.jar;C:\Users\Shakir\.m2\repository\org\seleniumhq\selenium\selenium-java\3.141.59\selenium-java-3.141.59.jar;C:\Users\Shakir\.m2\repository\org\seleniumhq\selenium\selenium-chrome-driver\3.141.59\selenium-chrome-
Launcher Type: SUN_STANDARD

[Global flags]
     intx CICompilerCount                          = 4                                         {product} {ergonomic}
     uint ConcGCThreads                            = 2                                         {product} {ergonomic}
     uint G1ConcRefinementThreads                  = 8                                         {product} {ergonomic}
   size_t G1HeapRegionSize                         = 2097152                                   {product} {ergonomic}
    uintx GCDrainStackTargetSize                   = 64                                        {product} {ergonomic}
   size_t InitialHeapSize                          = 264241152                                 {product} {ergonomic}
   size_t MarkStackSize                            = 4194304                                   {product} {ergonomic}
   size_t MaxHeapSize                              = 4204789760                                {product} {ergonomic}
   size_t MaxNewSize                               = 2522873856                                {product} {ergonomic}
   size_t MinHeapDeltaBytes                        = 2097152                                   {product} {ergonomic}
   size_t MinHeapSize                              = 8388608                                   {product} {ergonomic}
    uintx NonNMethodCodeHeapSize                   = 5839372                                {pd product} {ergonomic}
    uintx NonProfiledCodeHeapSize                  = 122909434                              {pd product} {ergonomic}
    uintx ProfiledCodeHeapSize                     = 122909434                              {pd product} {ergonomic}
    uintx ReservedCodeCacheSize                    = 251658240                              {pd product} {ergonomic}
     bool SegmentedCodeCache                       = true                                      {product} {ergonomic}
     bool ShowCodeDetailsInExceptionMessages       = true                                   {manageable} {command line}
   size_t SoftMaxHeapSize                          = 4204789760                             {manageable} {ergonomic}
     bool UseCompressedClassPointers               = true                           {product lp64_product} {ergonomic}
     bool UseCompressedOops                        = true                           {product lp64_product} {ergonomic}
     bool UseG1GC                                  = true                                      {product} {ergonomic}
     bool UseLargePagesIndividualAllocation        = false                                  {pd product} {ergonomic}

Logging:
Log output configuration:
 #0: stdout all=warning uptime,level,tags
 #1: stderr all=off uptime,level,tags

Environment Variables:
JAVA_HOME=C:\Program Files\Java\jdk1.8.0_221
PATH=C:/eclipse//plugins/org.eclipse.justj.openjdk.hotspot.jre.full.win32.x86_64_17.0.3.v20220515-1416/jre/bin/server;C:/eclipse//plugins/org.eclipse.justj.openjdk.hotspot.jre.full.win32.x86_64_17.0.3.v20220515-1416/jre/bin;C:\Program Files (x86)\Common Files\Oracle\Java\javapath;C:\Windows\system32;C:\Windows;C:\Windows\System32\Wbem;C:\Windows\System32\WindowsPowerShell\v1.0\;C:\Windows\System32\OpenSSH\;C:\Program Files\apache-maven-3.8.6\bin;C:\Program Files\nodejs\;C:\Program Files\Git\cmd;C:\Program Files\Git\bin;C:\Android\Sdk\platform-tools;C:\Program Files\Java\jdk1.8.0_221\bin;C:\Program Files\Charles;;C:\Program Files\Docker\Docker\resources\bin;C:\Users\Shakir\AppData\Roaming\npm;;C:\eclipse;
USERNAME=Shakir
OS=Windows_NT
PROCESSOR_IDENTIFIER=Intel64 Family 6 Model 140 Stepping 1, GenuineIntel



---------------  S Y S T E M  ---------------

OS:
 Windows 10 , 64 bit Build 19041 (10.0.19041.2251)
OS uptime: 7 days 0:35 hours
Hyper-V role detected

CPU: total 8 (initial active 8) (4 cores per cpu, 2 threads per core) family 6 model 140 stepping 1 microcode 0x9a, cx8, cmov, fxsr, ht, mmx, 3dnowpref, sse, sse2, sse3, ssse3, sse4.1, sse4.2, popcnt, lzcnt, tsc, tscinvbit, avx, avx2, aes, erms, clmul, bmi1, bmi2, adx, avx512f, avx512dq, avx512cd, avx512bw, avx512vl, sha, fma, vzeroupper, avx512_vpopcntdq, avx512_vpclmulqdq, avx512_vaes, avx512_vnni, clflush, clflushopt, clwb, avx512_vbmi2, avx512_vbmi, hv

Memory: 4k page, system-wide physical 16039M (1370M free)
TotalPageFile size 16039M (AvailPageFile size 7M)
current process WorkingSet (physical memory assigned to process): 122M, peak: 126M
current process commit charge ("private bytes"): 382M, peak: 385M

vm_info: OpenJDK 64-Bit Server VM (17.0.3+7) for windows-amd64 JRE (17.0.3+7), built on Apr 19 2022 16:55:35 by "" with MS VC++ 16.7 (VS2019)

END.
