#
# There is insufficient memory for the Java Runtime Environment to continue.
# Native memory allocation (mmap) failed to map 264241152 bytes for G1 virtual space
# Possible reasons:
#   The system is out of physical RAM or swap space
#   The process is running with CompressedOops enabled, and the Java Heap may be blocking the growth of the native heap
# Possible solutions:
#   Reduce memory load on the system
#   Increase physical memory or swap space
#   Check if swap backing store is full
#   Decrease Java heap size (-Xmx/-Xms)
#   Decrease number of Java threads
#   Decrease Java thread stack sizes (-Xss)
#   Set larger code cache with -XX:ReservedCodeCacheSize=
#   JVM is running with Zero Based Compressed Oops mode in which the Java heap is
#     placed in the first 32GB address space. The Java Heap base address is the
#     maximum limit for the native heap growth. Please use -XX:HeapBaseMinAddress
#     to set the Java Heap base and to place the Java Heap above 32GB virtual address.
# This output file may be truncated or incomplete.
#
#  Out of Memory Error (os_windows.cpp:3535), pid=21168, tid=13832
#
# JRE version:  (17.0.3+7) (build )
# Java VM: OpenJDK 64-Bit Server VM (17.0.3+7, mixed mode, sharing, tiered, compressed oops, compressed class ptrs, g1 gc, windows-amd64)
# No core dump will be written. Minidumps are not enabled by default on client versions of Windows
#

---------------  S U M M A R Y ------------

Command Line: -ea -Dfile.encoding=UTF-8 -XX:+ShowCodeDetailsInExceptionMessages org.testng.remote.RemoteTestNG -serport 50975 -protocol json -d C:\IGS_RingPay_Client\RingPay_Kissht_Master\RingPay-Kissht_Maintained_Script-\test-output C:\IGS_RingPay_Client\RingPay_Kissht_Master\RingPay-Kissht_Maintained_Script-\ringPay.xml

Host: 11th Gen Intel(R) Core(TM) i5-1135G7 @ 2.40GHz, 8 cores, 15G,  Windows 10 , 64 bit Build 19041 (10.0.19041.2251)
Time: Thu Dec  8 14:45:25 2022 India Standard Time elapsed time: 0.043944 seconds (0d 0h 0m 0s)

---------------  T H R E A D  ---------------

Current thread (0x000001642e274600):  JavaThread "Unknown thread" [_thread_in_vm, id=13832, stack(0x0000002cc2a00000,0x0000002cc2b00000)]

Stack: [0x0000002cc2a00000,0x0000002cc2b00000]
Native frames: (J=compiled Java code, j=interpreted, Vv=VM code, C=native code)
V  [jvm.dll+0x675efa]
V  [jvm.dll+0x830a24]
V  [jvm.dll+0x8321ce]
V  [jvm.dll+0x832833]
V  [jvm.dll+0x2454b5]
V  [jvm.dll+0x672de9]
V  [jvm.dll+0x667732]
V  [jvm.dll+0x3043ab]
V  [jvm.dll+0x30b8f6]
V  [jvm.dll+0x35b62e]
V  [jvm.dll+0x35b85f]
V  [jvm.dll+0x2db248]
V  [jvm.dll+0x2dc1b4]
V  [jvm.dll+0x802651]
V  [jvm.dll+0x3693b1]
V  [jvm.dll+0x7e1aac]
V  [jvm.dll+0x3ebd8f]
V  [jvm.dll+0x3ed911]
C  [jli.dll+0x5277]
C  [ucrtbase.dll+0x21bb2]
C  [KERNEL32.DLL+0x174b4]
C  [ntdll.dll+0x526a1]


---------------  P R O C E S S  ---------------

Threads class SMR info:
_java_thread_list=0x00007ffcb05f6e98, length=0, elements={
}

Java Threads: ( => current thread )

Other Threads:
  0x000001642e2e2750 GCTaskThread "GC Thread#0" [stack: 0x0000002cc2b00000,0x0000002cc2c00000] [id=21252]
  0x000001642e2f3020 ConcurrentGCThread "G1 Main Marker" [stack: 0x0000002cc2c00000,0x0000002cc2d00000] [id=1124]
  0x000001642e2f4940 ConcurrentGCThread "G1 Conc#0" [stack: 0x0000002cc2d00000,0x0000002cc2e00000] [id=14020]

[error occurred during error reporting (printing all threads), id 0xc0000005, EXCEPTION_ACCESS_VIOLATION (0xc0000005) at pc=0x00007ffcafdcbcd7]

VM state: not at safepoint (not fully initialized)

VM Mutex/Monitor currently owned by a thread:  ([mutex/lock_event])
[0x000001642e26f140] Heap_lock - owner thread: 0x000001642e274600

Heap address: 0x0000000705600000, size: 4010 MB, Compressed Oops mode: Zero based, Oop shift amount: 3

CDS archive(s) mapped at: [0x0000000000000000-0x0000000000000000-0x0000000000000000), size 0, SharedBaseAddress: 0x0000000800000000, ArchiveRelocationMode: 0.
Narrow klass base: 0x0000000000000000, Narrow klass shift: 0, Narrow klass range: 0x0

GC Precious Log:
<Empty>

Heap:
 garbage-first heap   total 0K, used 0K [0x0000000705600000, 0x0000000800000000)
  region size 2048K, 0 young (0K), 0 survivors (0K)

[error occurred during error reporting (printing heap information), id 0xc0000005, EXCEPTION_ACCESS_VIOLATION (0xc0000005) at pc=0x00007ffcb01af249]

GC Heap History (0 events):
No events

Deoptimization events (0 events):
No events

Classes unloaded (0 events):
No events

Classes redefined (0 events):
No events

Internal exceptions (0 events):
No events

VM Operations (0 events):
No events

Events (1 events):
Event: 0.003 Loaded shared library C:\eclipse\plugins\org.eclipse.justj.openjdk.hotspot.jre.full.win32.x86_64_17.0.3.v20220515-1416\jre\bin\java.dll


Dynamic libraries:
0x00007ff621060000 - 0x00007ff62106e000 	C:\eclipse\plugins\org.eclipse.justj.openjdk.hotspot.jre.full.win32.x86_64_17.0.3.v20220515-1416\jre\bin\javaw.exe
0x00007ffd188f0000 - 0x00007ffd18ae8000 	C:\Windows\SYSTEM32\ntdll.dll
0x00007ffd17fe0000 - 0x00007ffd1809f000 	C:\Windows\System32\KERNEL32.DLL
0x00007ffd16660000 - 0x00007ffd16932000 	C:\Windows\System32\KERNELBASE.dll
0x00007ffd16090000 - 0x00007ffd16190000 	C:\Windows\System32\ucrtbase.dll
0x00007ffd0fcd0000 - 0x00007ffd0fce9000 	C:\eclipse\plugins\org.eclipse.justj.openjdk.hotspot.jre.full.win32.x86_64_17.0.3.v20220515-1416\jre\bin\VCRUNTIME140.dll
0x00007ffd002a0000 - 0x00007ffd002b8000 	C:\eclipse\plugins\org.eclipse.justj.openjdk.hotspot.jre.full.win32.x86_64_17.0.3.v20220515-1416\jre\bin\jli.dll
0x00007ffd182b0000 - 0x00007ffd1844d000 	C:\Windows\System32\USER32.dll
0x00007ffcfebc0000 - 0x00007ffcfee5a000 	C:\Windows\WinSxS\amd64_microsoft.windows.common-controls_6595b64144ccf1df_6.0.19041.1110_none_60b5254171f9507e\COMCTL32.dll
0x00007ffd16190000 - 0x00007ffd161b2000 	C:\Windows\System32\win32u.dll
0x00007ffd17da0000 - 0x00007ffd17e3e000 	C:\Windows\System32\msvcrt.dll
0x00007ffd180a0000 - 0x00007ffd180cb000 	C:\Windows\System32\GDI32.dll
0x00007ffd161c0000 - 0x00007ffd162cf000 	C:\Windows\System32\gdi32full.dll
0x00007ffd162d0000 - 0x00007ffd1636d000 	C:\Windows\System32\msvcp_win.dll
0x00007ffd17c20000 - 0x00007ffd17c52000 	C:\Windows\System32\IMM32.DLL
0x00007ffd00530000 - 0x00007ffd0053c000 	C:\eclipse\plugins\org.eclipse.justj.openjdk.hotspot.jre.full.win32.x86_64_17.0.3.v20220515-1416\jre\bin\vcruntime140_1.dll
0x00007ffccf0f0000 - 0x00007ffccf181000 	C:\eclipse\plugins\org.eclipse.justj.openjdk.hotspot.jre.full.win32.x86_64_17.0.3.v20220515-1416\jre\bin\msvcp140.dll
0x00007ffcafae0000 - 0x00007ffcb0728000 	C:\eclipse\plugins\org.eclipse.justj.openjdk.hotspot.jre.full.win32.x86_64_17.0.3.v20220515-1416\jre\bin\server\jvm.dll
0x00007ffd18200000 - 0x00007ffd182ae000 	C:\Windows\System32\ADVAPI32.dll
0x00007ffd180d0000 - 0x00007ffd1816c000 	C:\Windows\System32\sechost.dll
0x00007ffd17990000 - 0x00007ffd17ab5000 	C:\Windows\System32\RPCRT4.dll
0x00007ffd17c60000 - 0x00007ffd17c68000 	C:\Windows\System32\PSAPI.DLL
0x00007ffd0e5c0000 - 0x00007ffd0e5c9000 	C:\Windows\SYSTEM32\WSOCK32.dll
0x00007ffcf23f0000 - 0x00007ffcf2417000 	C:\Windows\SYSTEM32\WINMM.dll
0x00007ffd17450000 - 0x00007ffd174bb000 	C:\Windows\System32\WS2_32.dll
0x00007ffd0e250000 - 0x00007ffd0e25a000 	C:\Windows\SYSTEM32\VERSION.dll
0x00007ffd14800000 - 0x00007ffd14812000 	C:\Windows\SYSTEM32\kernel.appcore.dll
0x00007ffd0e5b0000 - 0x00007ffd0e5ba000 	C:\eclipse\plugins\org.eclipse.justj.openjdk.hotspot.jre.full.win32.x86_64_17.0.3.v20220515-1416\jre\bin\jimage.dll
0x00007ffd13e50000 - 0x00007ffd14034000 	C:\Windows\SYSTEM32\DBGHELP.DLL
0x00007ffcfaea0000 - 0x00007ffcfaecc000 	C:\Windows\SYSTEM32\dbgcore.DLL
0x00007ffd16420000 - 0x00007ffd164a2000 	C:\Windows\System32\bcryptPrimitives.dll
0x00007ffd00b20000 - 0x00007ffd00b45000 	C:\eclipse\plugins\org.eclipse.justj.openjdk.hotspot.jre.full.win32.x86_64_17.0.3.v20220515-1416\jre\bin\java.dll

dbghelp: loaded successfully - version: 4.0.5 - missing functions: none
symbol engine: initialized successfully - sym options: 0x614 - pdb path: .;C:\eclipse\plugins\org.eclipse.justj.openjdk.hotspot.jre.full.win32.x86_64_17.0.3.v20220515-1416\jre\bin;C:\Windows\SYSTEM32;C:\Windows\WinSxS\amd64_microsoft.windows.common-controls_6595b64144ccf1df_6.0.19041.1110_none_60b5254171f9507e;C:\eclipse\plugins\org.eclipse.justj.openjdk.hotspot.jre.full.win32.x86_64_17.0.3.v20220515-1416\jre\bin\server

VM Arguments:
jvm_args: -ea -Dfile.encoding=UTF-8 -XX:+ShowCodeDetailsInExceptionMessages 
java_command: org.testng.remote.RemoteTestNG -serport 50975 -protocol json -d C:\IGS_RingPay_Client\RingPay_Kissht_Master\RingPay-Kissht_Maintained_Script-\test-output C:\IGS_RingPay_Client\RingPay_Kissht_Master\RingPay-Kissht_Maintained_Script-\ringPay.xml
java_class_path (initial): C:\eclipse\configuration\org.eclipse.osgi\892\0\.cp\lib\testng-remote.jar;C:\IGS_RingPay_Client\RingPay_Kissht_Master\RingPay-Kissht_Maintained_Script-\target\test-classes;C:\IGS_RingPay_Client\RingPay_Kissht_Master\RingPay-Kissht_Maintained_Script-\target\classes;C:\Users\Shakir\.m2\repository\io\appium\java-client\7.2.0\java-client-7.2.0.jar;C:\Users\Shakir\.m2\repository\org\seleniumhq\selenium\selenium-support\3.141.59\selenium-support-3.141.59.jar;C:\Users\Shakir\.m2\repository\org\seleniumhq\selenium\selenium-api\3.141.59\selenium-api-3.141.59.jar;C:\Users\Shakir\.m2\repository\com\google\code\gson\gson\2.8.5\gson-2.8.5.jar;C:\Users\Shakir\.m2\repository\org\apache\httpcomponents\httpclient\4.5.9\httpclient-4.5.9.jar;C:\Users\Shakir\.m2\repository\cglib\cglib\3.2.12\cglib-3.2.12.jar;C:\Users\Shakir\.m2\repository\org\ow2\asm\asm\7.1\asm-7.1.jar;C:\Users\Shakir\.m2\repository\commons-io\commons-io\2.6\commons-io-2.6.jar;C:\Users\Shakir\.m2\repository\org\springframework\spring-context\5.1.8.RELEASE\spring-context-5.1.8.RELEASE.jar;C:\Users\Shakir\.m2\repository\org\springframework\spring-aop\5.1.8.RELEASE\spring-aop-5.1.8.RELEASE.jar;C:\Users\Shakir\.m2\repository\org\springframework\spring-beans\5.1.8.RELEASE\spring-beans-5.1.8.RELEASE.jar;C:\Users\Shakir\.m2\repository\org\springframework\spring-core\5.1.8.RELEASE\spring-core-5.1.8.RELEASE.jar;C:\Users\Shakir\.m2\repository\org\springframework\spring-jcl\5.1.8.RELEASE\spring-jcl-5.1.8.RELEASE.jar;C:\Users\Shakir\.m2\repository\org\springframework\spring-expression\5.1.8.RELEASE\spring-expression-5.1.8.RELEASE.jar;C:\Users\Shakir\.m2\repository\org\aspectj\aspectjweaver\1.9.4\aspectjweaver-1.9.4.jar;C:\Users\Shakir\.m2\repository\org\slf4j\slf4j-api\1.7.26\slf4j-api-1.7.26.jar;C:\Users\Shakir\.m2\repository\org\seleniumhq\selenium\selenium-java\3.141.59\selenium-java-3.141.59.jar;C:\Users\Shakir\.m2\repository\org\seleniumhq\selenium\selenium-chrome-driver\3.141.59\selenium-chrome-
Launcher Type: SUN_STANDARD

[Global flags]
     intx CICompilerCount                          = 4                                         {product} {ergonomic}
     uint ConcGCThreads                            = 2                                         {product} {ergonomic}
     uint G1ConcRefinementThreads                  = 8                                         {product} {ergonomic}
   size_t G1HeapRegionSize                         = 2097152                                   {product} {ergonomic}
    uintx GCDrainStackTargetSize                   = 64                                        {product} {ergonomic}
   size_t InitialHeapSize                          = 264241152                                 {product} {ergonomic}
   size_t MarkStackSize                            = 4194304                                   {product} {ergonomic}
   size_t MaxHeapSize                              = 4204789760                                {product} {ergonomic}
   size_t MinHeapDeltaBytes                        = 2097152                                   {product} {ergonomic}
   size_t MinHeapSize                              = 8388608                                   {product} {ergonomic}
    uintx NonNMethodCodeHeapSize                   = 5839372                                {pd product} {ergonomic}
    uintx NonProfiledCodeHeapSize                  = 122909434                              {pd product} {ergonomic}
    uintx ProfiledCodeHeapSize                     = 122909434                              {pd product} {ergonomic}
    uintx ReservedCodeCacheSize                    = 251658240                              {pd product} {ergonomic}
     bool SegmentedCodeCache                       = true                                      {product} {ergonomic}
     bool ShowCodeDetailsInExceptionMessages       = true                                   {manageable} {command line}
   size_t SoftMaxHeapSize                          = 4204789760                             {manageable} {ergonomic}
     bool UseCompressedClassPointers               = true                           {product lp64_product} {ergonomic}
     bool UseCompressedOops                        = true                           {product lp64_product} {ergonomic}
     bool UseG1GC                                  = true                                      {product} {ergonomic}
     bool UseLargePagesIndividualAllocation        = false                                  {pd product} {ergonomic}

Logging:
Log output configuration:
 #0: stdout all=warning uptime,level,tags
 #1: stderr all=off uptime,level,tags

Environment Variables:
JAVA_HOME=C:\Program Files\Java\jdk1.8.0_221
PATH=C:/eclipse//plugins/org.eclipse.justj.openjdk.hotspot.jre.full.win32.x86_64_17.0.3.v20220515-1416/jre/bin/server;C:/eclipse//plugins/org.eclipse.justj.openjdk.hotspot.jre.full.win32.x86_64_17.0.3.v20220515-1416/jre/bin;C:\Program Files (x86)\Common Files\Oracle\Java\javapath;C:\Windows\system32;C:\Windows;C:\Windows\System32\Wbem;C:\Windows\System32\WindowsPowerShell\v1.0\;C:\Windows\System32\OpenSSH\;C:\Program Files\apache-maven-3.8.6\bin;C:\Program Files\nodejs\;C:\Program Files\Git\cmd;C:\Program Files\Git\bin;C:\Android\Sdk\platform-tools;C:\Program Files\Java\jdk1.8.0_221\bin;C:\Program Files\Charles;;C:\Program Files\Docker\Docker\resources\bin;C:\Users\Shakir\AppData\Roaming\npm;;C:\eclipse;
USERNAME=Shakir
OS=Windows_NT
PROCESSOR_IDENTIFIER=Intel64 Family 6 Model 140 Stepping 1, GenuineIntel



---------------  S Y S T E M  ---------------

OS:
 Windows 10 , 64 bit Build 19041 (10.0.19041.2251)
OS uptime: 6 days 20:46 hours
Hyper-V role detected

CPU: total 8 (initial active 8) (4 cores per cpu, 2 threads per core) family 6 model 140 stepping 1 microcode 0x9a, cx8, cmov, fxsr, ht, mmx, 3dnowpref, sse, sse2, sse3, ssse3, sse4.1, sse4.2, popcnt, lzcnt, tsc, tscinvbit, avx, avx2, aes, erms, clmul, bmi1, bmi2, adx, avx512f, avx512dq, avx512cd, avx512bw, avx512vl, sha, fma, vzeroupper, avx512_vpopcntdq, avx512_vpclmulqdq, avx512_vaes, avx512_vnni, clflush, clflushopt, clwb, avx512_vbmi2, avx512_vbmi, hv

Memory: 4k page, system-wide physical 16039M (1574M free)
TotalPageFile size 16039M (AvailPageFile size 250M)
current process WorkingSet (physical memory assigned to process): 10M, peak: 10M
current process commit charge ("private bytes"): 60M, peak: 312M

vm_info: OpenJDK 64-Bit Server VM (17.0.3+7) for windows-amd64 JRE (17.0.3+7), built on Apr 19 2022 16:55:35 by "" with MS VC++ 16.7 (VS2019)

END.
